<?xml version="1.0" encoding="UTF-8" standalone="yes"?><!DOCTYPE report PUBLIC "-//JACOCO//DTD Report 1.1//EN" "report.dtd"><report name="Dependency-Check Maven Plugin"><sessioninfo id="localhost-61c9941c" start="1601206847692" dump="1601206850560"/><sessioninfo id="localhost-97c1927" start="1601206852690" dump="1601206895985"/><sessioninfo id="localhost-dfbebe24" start="1601206896170" dump="1601206922254"/><sessioninfo id="localhost-3e7b8cc9" start="1601206922852" dump="1601206935006"/><sessioninfo id="localhost-83e7401d" start="1601206935171" dump="1601206948201"/><sessioninfo id="localhost-da2ac484" start="1601206948393" dump="1601206962431"/><sessioninfo id="localhost-5f4619cf" start="1601206962608" dump="1601206979406"/><sessioninfo id="localhost-d45ab554" start="1601206979592" dump="1601206991237"/><sessioninfo id="localhost-c32623bb" start="1601206991416" dump="1601206999713"/><sessioninfo id="localhost-a4d164a0" start="1601206999893" dump="1601207012569"/><sessioninfo id="localhost-495410cd" start="1601207012784" dump="1601207036020"/><sessioninfo id="localhost-51ba8c8e" start="1601207036196" dump="1601207050994"/><sessioninfo id="localhost-23832e97" start="1601207051174" dump="1601207071463"/><sessioninfo id="localhost-17421d35" start="1601207071868" dump="1601207084336"/><sessioninfo id="localhost-8edc60dc" start="1601207084527" dump="1601207101789"/><sessioninfo id="localhost-d854f1ff" start="1601207101997" dump="1601207123750"/><sessioninfo id="localhost-2c3b1761" start="1601206852742" dump="1601207803550"/><sessioninfo id="localhost-c8eebd11" start="1601206852780" dump="1601207817485"/><sessioninfo id="localhost-6d79ca62" start="1601207817640" dump="1601207832861"/><sessioninfo id="localhost-b582feb4" start="1601206852725" dump="1601208695427"/><package name="org/owasp/dependencycheck/maven"><class name="org/owasp/dependencycheck/maven/ArtifactScopeExcluded" sourcefilename="ArtifactScopeExcluded.java"><method name="&lt;init&gt;" desc="(ZZZZ)V" line="60"><counter type="INSTRUCTION" missed="0" covered="15"/><counter type="LINE" missed="0" covered="6"/><counter type="COMPLEXITY" missed="0" covered="1"/><counter type="METHOD" missed="0" covered="1"/></method><method name="passes" desc="(Ljava/lang/String;)Z" line="77"><counter type="INSTRUCTION" missed="12" covered="38"/><counter type="BRANCH" missed="8" covered="14"/><counter type="LINE" missed="2" covered="9"/><counter type="COMPLEXITY" missed="6" covered="6"/><counter type="METHOD" missed="0" covered="1"/></method><counter type="INSTRUCTION" missed="12" covered="53"/><counter type="BRANCH" missed="8" covered="14"/><counter type="LINE" missed="2" covered="15"/><counter type="COMPLEXITY" missed="6" covered="7"/><counter type="METHOD" missed="0" covered="2"/><counter type="CLASS" missed="0" covered="1"/></class><class name="org/owasp/dependencycheck/maven/CheckMojo" sourcefilename="CheckMojo.java"><method name="&lt;init&gt;" desc="()V" line="43"><counter type="INSTRUCTION" missed="0" covered="6"/><counter type="LINE" missed="0" covered="2"/><counter type="COMPLEXITY" missed="0" covered="1"/><counter type="METHOD" missed="0" covered="1"/></method><method name="canGenerateReport" desc="()Z" line="60"><counter type="INSTRUCTION" missed="1" covered="27"/><counter type="BRANCH" missed="2" covered="2"/><counter type="LINE" missed="1" covered="7"/><counter type="COMPLEXITY" missed="2" covered="1"/><counter type="METHOD" missed="0" covered="1"/></method><method name="getName" desc="(Ljava/util/Locale;)Ljava/lang/String;" line="79"><counter type="INSTRUCTION" missed="0" covered="3"/><counter type="LINE" missed="0" covered="1"/><counter type="COMPLEXITY" missed="0" covered="1"/><counter type="METHOD" missed="0" covered="1"/></method><method name="getDescription" desc="(Ljava/util/Locale;)Ljava/lang/String;" line="91"><counter type="INSTRUCTION" missed="0" covered="2"/><counter type="LINE" missed="0" covered="1"/><counter type="COMPLEXITY" missed="0" covered="1"/><counter type="METHOD" missed="0" covered="1"/></method><method name="scanDependencies" desc="(Lorg/owasp/dependencycheck/Engine;)Lorg/owasp/dependencycheck/exception/ExceptionCollection;" line="104"><counter type="INSTRUCTION" missed="0" covered="6"/><counter type="LINE" missed="0" covered="1"/><counter type="COMPLEXITY" missed="0" covered="1"/><counter type="METHOD" missed="0" covered="1"/></method><counter type="INSTRUCTION" missed="1" covered="44"/><counter type="BRANCH" missed="2" covered="2"/><counter type="LINE" missed="1" covered="12"/><counter type="COMPLEXITY" missed="2" covered="5"/><counter type="METHOD" missed="0" covered="5"/><counter type="CLASS" missed="0" covered="1"/></class><class name="org/owasp/dependencycheck/maven/AggregateMojo" sourcefilename="AggregateMojo.java"><method name="&lt;init&gt;" desc="()V" line="49"><counter type="INSTRUCTION" missed="0" covered="6"/><counter type="LINE" missed="0" covered="2"/><counter type="COMPLEXITY" missed="0" covered="1"/><counter type="METHOD" missed="0" covered="1"/></method><method name="scanDependencies" desc="(Lorg/owasp/dependencycheck/Engine;)Lorg/owasp/dependencycheck/exception/ExceptionCollection;" line="67"><counter type="INSTRUCTION" missed="47" covered="31"/><counter type="BRANCH" missed="9" covered="3"/><counter type="LINE" missed="11" covered="6"/><counter type="COMPLEXITY" missed="5" covered="2"/><counter type="METHOD" missed="0" covered="1"/></method><method name="getDescendants" desc="(Lorg/apache/maven/project/MavenProject;)Ljava/util/Set;" line="101"><counter type="INSTRUCTION" missed="54" covered="243"/><counter type="BRANCH" missed="14" covered="42"/><counter type="LINE" missed="9" covered="42"/><counter type="COMPLEXITY" missed="10" covered="19"/><counter type="METHOD" missed="0" covered="1"/></method><method name="isMultiModule" desc="(Lorg/apache/maven/project/MavenProject;)Z" line="179"><counter type="INSTRUCTION" missed="5" covered="0"/><counter type="LINE" missed="1" covered="0"/><counter type="COMPLEXITY" missed="1" covered="0"/><counter type="METHOD" missed="1" covered="0"/></method><method name="canGenerateReport" desc="()Z" line="184"><counter type="INSTRUCTION" missed="2" covered="0"/><counter type="LINE" missed="1" covered="0"/><counter type="COMPLEXITY" missed="1" covered="0"/><counter type="METHOD" missed="1" covered="0"/></method><method name="getName" desc="(Ljava/util/Locale;)Ljava/lang/String;" line="195"><counter type="INSTRUCTION" missed="3" covered="0"/><counter type="LINE" missed="1" covered="0"/><counter type="COMPLEXITY" missed="1" covered="0"/><counter type="METHOD" missed="1" covered="0"/></method><method name="getDescription" desc="(Ljava/util/Locale;)Ljava/lang/String;" line="207"><counter type="INSTRUCTION" missed="2" covered="0"/><counter type="LINE" missed="1" covered="0"/><counter type="COMPLEXITY" missed="1" covered="0"/><counter type="METHOD" missed="1" covered="0"/></method><counter type="INSTRUCTION" missed="113" covered="280"/><counter type="BRANCH" missed="23" covered="45"/><counter type="LINE" missed="24" covered="50"/><counter type="COMPLEXITY" missed="19" covered="22"/><counter type="METHOD" missed="4" covered="3"/><counter type="CLASS" missed="0" covered="1"/></class><class name="org/owasp/dependencycheck/maven/PurgeMojo" sourcefilename="PurgeMojo.java"><method name="&lt;init&gt;" desc="()V" line="43"><counter type="INSTRUCTION" missed="3" covered="0"/><counter type="LINE" missed="1" covered="0"/><counter type="COMPLEXITY" missed="1" covered="0"/><counter type="METHOD" missed="1" covered="0"/></method><method name="canGenerateReport" desc="()Z" line="52"><counter type="INSTRUCTION" missed="2" covered="0"/><counter type="LINE" missed="1" covered="0"/><counter type="COMPLEXITY" missed="1" covered="0"/><counter type="METHOD" missed="1" covered="0"/></method><method name="runCheck" desc="()V" line="65"><counter type="INSTRUCTION" missed="18" covered="0"/><counter type="LINE" missed="5" covered="0"/><counter type="COMPLEXITY" missed="1" covered="0"/><counter type="METHOD" missed="1" covered="0"/></method><method name="getName" desc="(Ljava/util/Locale;)Ljava/lang/String;" line="81"><counter type="INSTRUCTION" missed="2" covered="0"/><counter type="LINE" missed="1" covered="0"/><counter type="COMPLEXITY" missed="1" covered="0"/><counter type="METHOD" missed="1" covered="0"/></method><method name="getDescription" desc="(Ljava/util/Locale;)Ljava/lang/String;" line="93"><counter type="INSTRUCTION" missed="2" covered="0"/><counter type="LINE" missed="1" covered="0"/><counter type="COMPLEXITY" missed="1" covered="0"/><counter type="METHOD" missed="1" covered="0"/></method><method name="scanDependencies" desc="(Lorg/owasp/dependencycheck/Engine;)Lorg/owasp/dependencycheck/exception/ExceptionCollection;" line="105"><counter type="INSTRUCTION" missed="5" covered="0"/><counter type="LINE" missed="1" covered="0"/><counter type="COMPLEXITY" missed="1" covered="0"/><counter type="METHOD" missed="1" covered="0"/></method><counter type="INSTRUCTION" missed="32" covered="0"/><counter type="LINE" missed="10" covered="0"/><counter type="COMPLEXITY" missed="6" covered="0"/><counter type="METHOD" missed="6" covered="0"/><counter type="CLASS" missed="1" covered="0"/></class><class name="org/owasp/dependencycheck/maven/HelpMojo" sourcefilename="HelpMojo.java"><method name="&lt;init&gt;" desc="()V" line="29"><counter type="INSTRUCTION" missed="3" covered="0"/><counter type="LINE" missed="1" covered="0"/><counter type="COMPLEXITY" missed="1" covered="0"/><counter type="METHOD" missed="1" covered="0"/></method><method name="build" desc="()Lorg/w3c/dom/Document;" line="69"><counter type="INSTRUCTION" missed="59" covered="0"/><counter type="BRANCH" missed="2" covered="0"/><counter type="LINE" missed="17" covered="0"/><counter type="COMPLEXITY" missed="2" covered="0"/><counter type="METHOD" missed="1" covered="0"/></method><method name="execute" desc="()V" line="112"><counter type="INSTRUCTION" missed="187" covered="0"/><counter type="BRANCH" missed="20" covered="0"/><counter type="LINE" missed="31" covered="0"/><counter type="COMPLEXITY" missed="11" covered="0"/><counter type="METHOD" missed="1" covered="0"/></method><method name="isNotEmpty" desc="(Ljava/lang/String;)Z" line="177"><counter type="INSTRUCTION" missed="9" covered="0"/><counter type="BRANCH" missed="4" covered="0"/><counter type="LINE" missed="1" covered="0"/><counter type="COMPLEXITY" missed="3" covered="0"/><counter type="METHOD" missed="1" covered="0"/></method><method name="getValue" desc="(Lorg/w3c/dom/Node;Ljava/lang/String;)Ljava/lang/String;" line="183"><counter type="INSTRUCTION" missed="6" covered="0"/><counter type="LINE" missed="1" covered="0"/><counter type="COMPLEXITY" missed="1" covered="0"/><counter type="METHOD" missed="1" covered="0"/></method><method name="getSingleChild" desc="(Lorg/w3c/dom/Node;Ljava/lang/String;)Lorg/w3c/dom/Node;" line="189"><counter type="INSTRUCTION" missed="45" covered="0"/><counter type="BRANCH" missed="4" covered="0"/><counter type="LINE" missed="6" covered="0"/><counter type="COMPLEXITY" missed="3" covered="0"/><counter type="METHOD" missed="1" covered="0"/></method><method name="findNamedChild" desc="(Lorg/w3c/dom/Node;Ljava/lang/String;)Ljava/util/List;" line="203"><counter type="INSTRUCTION" missed="30" covered="0"/><counter type="BRANCH" missed="4" covered="0"/><counter type="LINE" missed="7" covered="0"/><counter type="COMPLEXITY" missed="3" covered="0"/><counter type="METHOD" missed="1" covered="0"/></method><method name="findSingleChild" desc="(Lorg/w3c/dom/Node;Ljava/lang/String;)Lorg/w3c/dom/Node;" line="219"><counter type="INSTRUCTION" missed="33" covered="0"/><counter type="BRANCH" missed="4" covered="0"/><counter type="LINE" missed="6" covered="0"/><counter type="COMPLEXITY" missed="3" covered="0"/><counter type="METHOD" missed="1" covered="0"/></method><method name="writeGoal" desc="(Ljava/lang/StringBuilder;Ljava/lang/String;Lorg/w3c/dom/Element;)V" line="234"><counter type="INSTRUCTION" missed="135" covered="0"/><counter type="BRANCH" missed="20" covered="0"/><counter type="LINE" missed="23" covered="0"/><counter type="COMPLEXITY" missed="11" covered="0"/><counter type="METHOD" missed="1" covered="0"/></method><method name="writeParameter" desc="(Ljava/lang/StringBuilder;Lorg/w3c/dom/Node;Lorg/w3c/dom/Node;)V" line="274"><counter type="INSTRUCTION" missed="128" covered="0"/><counter type="BRANCH" missed="16" covered="0"/><counter type="LINE" missed="21" covered="0"/><counter type="COMPLEXITY" missed="9" covered="0"/><counter type="METHOD" missed="1" covered="0"/></method><method name="repeat" desc="(Ljava/lang/String;I)Ljava/lang/String;" line="320"><counter type="INSTRUCTION" missed="22" covered="0"/><counter type="BRANCH" missed="2" covered="0"/><counter type="LINE" missed="4" covered="0"/><counter type="COMPLEXITY" missed="2" covered="0"/><counter type="METHOD" missed="1" covered="0"/></method><method name="append" desc="(Ljava/lang/StringBuilder;Ljava/lang/String;I)V" line="340"><counter type="INSTRUCTION" missed="24" covered="0"/><counter type="BRANCH" missed="2" covered="0"/><counter type="LINE" missed="4" covered="0"/><counter type="COMPLEXITY" missed="2" covered="0"/><counter type="METHOD" missed="1" covered="0"/></method><method name="toLines" desc="(Ljava/lang/String;III)Ljava/util/List;" line="358"><counter type="INSTRUCTION" missed="42" covered="0"/><counter type="BRANCH" missed="2" covered="0"/><counter type="LINE" missed="6" covered="0"/><counter type="COMPLEXITY" missed="2" covered="0"/><counter type="METHOD" missed="1" covered="0"/></method><method name="toLines" desc="(Ljava/util/List;Ljava/lang/String;II)V" line="382"><counter type="INSTRUCTION" missed="104" covered="0"/><counter type="BRANCH" missed="12" covered="0"/><counter type="LINE" missed="19" covered="0"/><counter type="COMPLEXITY" missed="7" covered="0"/><counter type="METHOD" missed="1" covered="0"/></method><method name="getIndentLevel" desc="(Ljava/lang/String;)I" line="431"><counter type="INSTRUCTION" missed="40" covered="0"/><counter type="BRANCH" missed="10" covered="0"/><counter type="LINE" missed="8" covered="0"/><counter type="COMPLEXITY" missed="6" covered="0"/><counter type="METHOD" missed="1" covered="0"/></method><method name="getPropertyFromExpression" desc="(Ljava/lang/String;)Ljava/lang/String;" line="449"><counter type="INSTRUCTION" missed="26" covered="0"/><counter type="BRANCH" missed="8" covered="0"/><counter type="LINE" missed="4" covered="0"/><counter type="COMPLEXITY" missed="5" covered="0"/><counter type="METHOD" missed="1" covered="0"/></method><counter type="INSTRUCTION" missed="893" covered="0"/><counter type="BRANCH" missed="110" covered="0"/><counter type="LINE" missed="159" covered="0"/><counter type="COMPLEXITY" missed="71" covered="0"/><counter type="METHOD" missed="16" covered="0"/><counter type="CLASS" missed="1" covered="0"/></class><class name="org/owasp/dependencycheck/maven/ArtifactTypeExcluded" sourcefilename="ArtifactTypeExcluded.java"><method name="&lt;init&gt;" desc="(Ljava/lang/String;)V" line="42"><counter type="INSTRUCTION" missed="0" covered="6"/><counter type="LINE" missed="0" covered="3"/><counter type="COMPLEXITY" missed="0" covered="1"/><counter type="METHOD" missed="0" covered="1"/></method><method name="passes" desc="(Ljava/lang/String;)Z" line="52"><counter type="INSTRUCTION" missed="0" covered="16"/><counter type="BRANCH" missed="0" covered="6"/><counter type="LINE" missed="0" covered="1"/><counter type="COMPLEXITY" missed="0" covered="4"/><counter type="METHOD" missed="0" covered="1"/></method><counter type="INSTRUCTION" missed="0" covered="22"/><counter type="BRANCH" missed="0" covered="6"/><counter type="LINE" missed="0" covered="4"/><counter type="COMPLEXITY" missed="0" covered="5"/><counter type="METHOD" missed="0" covered="2"/><counter type="CLASS" missed="0" covered="1"/></class><class name="org/owasp/dependencycheck/maven/FilteringDependencyTransitiveNodeVisitor" sourcefilename="FilteringDependencyTransitiveNodeVisitor.java"><method name="&lt;init&gt;" desc="(Lorg/apache/maven/shared/dependency/graph/traversal/DependencyNodeVisitor;Lorg/apache/maven/shared/dependency/graph/filter/DependencyNodeFilter;)V" line="50"><counter type="INSTRUCTION" missed="0" covered="9"/><counter type="LINE" missed="0" covered="4"/><counter type="COMPLEXITY" missed="0" covered="1"/><counter type="METHOD" missed="0" covered="1"/></method><method name="visit" desc="(Lorg/apache/maven/shared/dependency/graph/DependencyNode;)Z" line="62"><counter type="INSTRUCTION" missed="2" covered="13"/><counter type="BRANCH" missed="1" covered="1"/><counter type="LINE" missed="1" covered="3"/><counter type="COMPLEXITY" missed="1" covered="1"/><counter type="METHOD" missed="0" covered="1"/></method><method name="endVisit" desc="(Lorg/apache/maven/shared/dependency/graph/DependencyNode;)Z" line="78"><counter type="INSTRUCTION" missed="2" covered="13"/><counter type="BRANCH" missed="1" covered="1"/><counter type="LINE" missed="1" covered="3"/><counter type="COMPLEXITY" missed="1" covered="1"/><counter type="METHOD" missed="0" covered="1"/></method><method name="getDependencyNodeVisitor" desc="()Lorg/apache/maven/shared/dependency/graph/traversal/DependencyNodeVisitor;" line="93"><counter type="INSTRUCTION" missed="3" covered="0"/><counter type="LINE" missed="1" covered="0"/><counter type="COMPLEXITY" missed="1" covered="0"/><counter type="METHOD" missed="1" covered="0"/></method><method name="getDependencyNodeFilter" desc="()Lorg/apache/maven/shared/dependency/graph/filter/DependencyNodeFilter;" line="103"><counter type="INSTRUCTION" missed="3" covered="0"/><counter type="LINE" missed="1" covered="0"/><counter type="COMPLEXITY" missed="1" covered="0"/><counter type="METHOD" missed="1" covered="0"/></method><counter type="INSTRUCTION" missed="10" covered="35"/><counter type="BRANCH" missed="2" covered="2"/><counter type="LINE" missed="4" covered="10"/><counter type="COMPLEXITY" missed="4" covered="3"/><counter type="METHOD" missed="2" covered="3"/><counter type="CLASS" missed="0" covered="1"/></class><class name="org/owasp/dependencycheck/maven/Retirejs" sourcefilename="Retirejs.java"><method name="&lt;init&gt;" desc="()V" line="27"><counter type="INSTRUCTION" missed="0" covered="3"/><counter type="LINE" missed="0" covered="1"/><counter type="COMPLEXITY" missed="0" covered="1"/><counter type="METHOD" missed="0" covered="1"/></method><method name="getFilters" desc="()[Ljava/lang/String;" line="47"><counter type="INSTRUCTION" missed="0" covered="3"/><counter type="LINE" missed="0" covered="1"/><counter type="COMPLEXITY" missed="0" covered="1"/><counter type="METHOD" missed="0" covered="1"/></method><method name="getFilterNonVulnerable" desc="()Ljava/lang/Boolean;" line="60"><counter type="INSTRUCTION" missed="0" covered="3"/><counter type="LINE" missed="0" covered="1"/><counter type="COMPLEXITY" missed="0" covered="1"/><counter type="METHOD" missed="0" covered="1"/></method><counter type="INSTRUCTION" missed="0" covered="9"/><counter type="LINE" missed="0" covered="3"/><counter type="COMPLEXITY" missed="0" covered="3"/><counter type="METHOD" missed="0" covered="3"/><counter type="CLASS" missed="0" covered="1"/></class><class name="org/owasp/dependencycheck/maven/UpdateMojo" sourcefilename="UpdateMojo.java"><method name="&lt;init&gt;" desc="()V" line="47"><counter type="INSTRUCTION" missed="0" covered="3"/><counter type="LINE" missed="0" covered="1"/><counter type="COMPLEXITY" missed="0" covered="1"/><counter type="METHOD" missed="0" covered="1"/></method><method name="canGenerateReport" desc="()Z" line="56"><counter type="INSTRUCTION" missed="2" covered="0"/><counter type="LINE" missed="1" covered="0"/><counter type="COMPLEXITY" missed="1" covered="0"/><counter type="METHOD" missed="1" covered="0"/></method><method name="runCheck" desc="()V" line="70"><counter type="INSTRUCTION" missed="53" covered="15"/><counter type="BRANCH" missed="7" covered="1"/><counter type="LINE" missed="15" covered="6"/><counter type="COMPLEXITY" missed="4" covered="1"/><counter type="METHOD" missed="0" covered="1"/></method><method name="getName" desc="(Ljava/util/Locale;)Ljava/lang/String;" line="105"><counter type="INSTRUCTION" missed="2" covered="0"/><counter type="LINE" missed="1" covered="0"/><counter type="COMPLEXITY" missed="1" covered="0"/><counter type="METHOD" missed="1" covered="0"/></method><method name="getDescription" desc="(Ljava/util/Locale;)Ljava/lang/String;" line="117"><counter type="INSTRUCTION" missed="2" covered="0"/><counter type="LINE" missed="1" covered="0"/><counter type="COMPLEXITY" missed="1" covered="0"/><counter type="METHOD" missed="1" covered="0"/></method><method name="scanDependencies" desc="(Lorg/owasp/dependencycheck/Engine;)Lorg/owasp/dependencycheck/exception/ExceptionCollection;" line="130"><counter type="INSTRUCTION" missed="5" covered="0"/><counter type="LINE" missed="1" covered="0"/><counter type="COMPLEXITY" missed="1" covered="0"/><counter type="METHOD" missed="1" covered="0"/></method><counter type="INSTRUCTION" missed="64" covered="18"/><counter type="BRANCH" missed="7" covered="1"/><counter type="LINE" missed="19" covered="7"/><counter type="COMPLEXITY" missed="8" covered="2"/><counter type="METHOD" missed="4" covered="2"/><counter type="CLASS" missed="0" covered="1"/></class><class name="org/owasp/dependencycheck/maven/BaseDependencyCheckMojo" sourcefilename="BaseDependencyCheckMojo.java"><method name="&lt;init&gt;" desc="()V" line="111"><counter type="INSTRUCTION" missed="0" covered="42"/><counter type="LINE" missed="0" covered="14"/><counter type="COMPLEXITY" missed="0" covered="1"/><counter type="METHOD" missed="0" covered="1"/></method><method name="artifactsMatch" desc="(Lorg/apache/maven/model/Dependency;Lorg/apache/maven/artifact/Artifact;)Z" line="850"><counter type="INSTRUCTION" missed="1" covered="21"/><counter type="BRANCH" missed="3" covered="3"/><counter type="LINE" missed="0" covered="3"/><counter type="COMPLEXITY" missed="3" covered="1"/><counter type="METHOD" missed="0" covered="1"/></method><method name="isEqualOrNull" desc="(Ljava/lang/String;Ljava/lang/String;)Z" line="865"><counter type="INSTRUCTION" missed="5" covered="9"/><counter type="BRANCH" missed="6" covered="2"/><counter type="LINE" missed="0" covered="1"/><counter type="COMPLEXITY" missed="4" covered="1"/><counter type="METHOD" missed="0" covered="1"/></method><method name="execute" desc="()V" line="877"><counter type="INSTRUCTION" missed="14" covered="21"/><counter type="BRANCH" missed="1" covered="1"/><counter type="LINE" missed="1" covered="6"/><counter type="COMPLEXITY" missed="1" covered="1"/><counter type="METHOD" missed="0" covered="1"/></method><method name="generate" desc="(Lorg/codehaus/doxia/sink/Sink;Ljava/util/Locale;)V" line="900"><counter type="INSTRUCTION" missed="0" covered="5"/><counter type="LINE" missed="0" covered="2"/><counter type="COMPLEXITY" missed="0" covered="1"/><counter type="METHOD" missed="0" covered="1"/></method><method name="isGeneratingSite" desc="()Z" line="909"><counter type="INSTRUCTION" missed="3" covered="0"/><counter type="LINE" missed="1" covered="0"/><counter type="COMPLEXITY" missed="1" covered="0"/><counter type="METHOD" missed="1" covered="0"/></method><method name="getConnectionString" desc="()Ljava/lang/String;" line="918"><counter type="INSTRUCTION" missed="3" covered="0"/><counter type="LINE" missed="1" covered="0"/><counter type="COMPLEXITY" missed="1" covered="0"/><counter type="METHOD" missed="1" covered="0"/></method><method name="isFailOnError" desc="()Z" line="927"><counter type="INSTRUCTION" missed="0" covered="3"/><counter type="LINE" missed="0" covered="1"/><counter type="COMPLEXITY" missed="0" covered="1"/><counter type="METHOD" missed="0" covered="1"/></method><method name="generate" desc="(Lorg/apache/maven/doxia/sink/Sink;Ljava/util/Locale;)V" line="938"><counter type="INSTRUCTION" missed="27" covered="22"/><counter type="BRANCH" missed="1" covered="1"/><counter type="LINE" missed="6" covered="7"/><counter type="COMPLEXITY" missed="1" covered="1"/><counter type="METHOD" missed="0" covered="1"/></method><method name="getCorrectOutputDirectory" desc="()Ljava/io/File;" line="964"><counter type="INSTRUCTION" missed="5" covered="0"/><counter type="LINE" missed="1" covered="0"/><counter type="COMPLEXITY" missed="1" covered="0"/><counter type="METHOD" missed="1" covered="0"/></method><method name="getCorrectOutputDirectory" desc="(Lorg/apache/maven/project/MavenProject;)Ljava/io/File;" line="975"><counter type="INSTRUCTION" missed="21" covered="12"/><counter type="BRANCH" missed="6" covered="2"/><counter type="LINE" missed="4" covered="3"/><counter type="COMPLEXITY" missed="4" covered="1"/><counter type="METHOD" missed="0" covered="1"/></method><method name="scanArtifacts" desc="(Lorg/apache/maven/project/MavenProject;Lorg/owasp/dependencycheck/Engine;)Lorg/owasp/dependencycheck/exception/ExceptionCollection;" line="997"><counter type="INSTRUCTION" missed="0" covered="6"/><counter type="LINE" missed="0" covered="1"/><counter type="COMPLEXITY" missed="0" covered="1"/><counter type="METHOD" missed="0" covered="1"/></method><method name="scanArtifacts" desc="(Lorg/apache/maven/project/MavenProject;Lorg/owasp/dependencycheck/Engine;Z)Lorg/owasp/dependencycheck/exception/ExceptionCollection;" line="1012"><counter type="INSTRUCTION" missed="21" covered="75"/><counter type="LINE" missed="4" covered="10"/><counter type="COMPLEXITY" missed="0" covered="1"/><counter type="METHOD" missed="0" covered="1"/></method><method name="toDependencyNode" desc="(Ljava/util/List;Lorg/apache/maven/project/ProjectBuildingRequest;Lorg/apache/maven/shared/dependency/graph/DependencyNode;Lorg/apache/maven/model/Dependency;)Lorg/apache/maven/shared/dependency/graph/DependencyNode;" line="1053"><counter type="INSTRUCTION" missed="72" covered="83"/><counter type="BRANCH" missed="14" covered="6"/><counter type="LINE" missed="15" covered="19"/><counter type="COMPLEXITY" missed="8" covered="3"/><counter type="METHOD" missed="0" covered="1"/></method><method name="findVersion" desc="(Ljava/util/List;Ljava/lang/String;Ljava/lang/String;)Ljava/lang/String;" line="1113"><counter type="INSTRUCTION" missed="2" covered="17"/><counter type="BRANCH" missed="1" covered="1"/><counter type="LINE" missed="1" covered="4"/><counter type="COMPLEXITY" missed="1" covered="1"/><counter type="METHOD" missed="0" covered="1"/></method><method name="collectDependencyManagementDependencies" desc="(Lorg/owasp/dependencycheck/Engine;Lorg/apache/maven/project/ProjectBuildingRequest;Lorg/apache/maven/project/MavenProject;Ljava/util/List;Z)Lorg/owasp/dependencycheck/exception/ExceptionCollection;" line="1135"><counter type="INSTRUCTION" missed="10" covered="78"/><counter type="BRANCH" missed="6" covered="8"/><counter type="LINE" missed="3" covered="17"/><counter type="COMPLEXITY" missed="5" covered="3"/><counter type="METHOD" missed="0" covered="1"/></method><method name="collectMavenDependencies" desc="(Lorg/owasp/dependencycheck/Engine;Lorg/apache/maven/project/MavenProject;Ljava/util/List;Lorg/apache/maven/project/ProjectBuildingRequest;Z)Lorg/owasp/dependencycheck/exception/ExceptionCollection;" line="1183"><counter type="INSTRUCTION" missed="247" covered="249"/><counter type="BRANCH" missed="36" covered="28"/><counter type="LINE" missed="45" covered="63"/><counter type="COMPLEXITY" missed="26" covered="7"/><counter type="METHOD" missed="0" covered="1"/></method><method name="createProjectReferenceName" desc="(Lorg/apache/maven/project/MavenProject;Lorg/apache/maven/shared/dependency/graph/DependencyNode;)Ljava/lang/String;" line="1339"><counter type="INSTRUCTION" missed="0" covered="14"/><counter type="LINE" missed="0" covered="1"/><counter type="COMPLEXITY" missed="0" covered="1"/><counter type="METHOD" missed="0" covered="1"/></method><method name="collectDependencies" desc="(Lorg/owasp/dependencycheck/Engine;Lorg/apache/maven/project/MavenProject;Ljava/util/List;Lorg/apache/maven/project/ProjectBuildingRequest;Z)Lorg/owasp/dependencycheck/exception/ExceptionCollection;" line="1359"><counter type="INSTRUCTION" missed="46" covered="269"/><counter type="BRANCH" missed="12" covered="14"/><counter type="LINE" missed="14" covered="55"/><counter type="COMPLEXITY" missed="9" covered="5"/><counter type="METHOD" missed="0" covered="1"/></method><method name="addReactorDependency" desc="(Lorg/owasp/dependencycheck/Engine;Lorg/apache/maven/artifact/Artifact;)Z" line="1467"><counter type="INSTRUCTION" missed="0" covered="6"/><counter type="LINE" missed="0" covered="1"/><counter type="COMPLEXITY" missed="0" covered="1"/><counter type="METHOD" missed="0" covered="1"/></method><method name="addVirtualDependencyFromReactor" desc="(Lorg/owasp/dependencycheck/Engine;Lorg/apache/maven/artifact/Artifact;Ljava/lang/String;)Z" line="1486"><counter type="INSTRUCTION" missed="95" covered="275"/><counter type="BRANCH" missed="14" covered="8"/><counter type="LINE" missed="16" covered="40"/><counter type="COMPLEXITY" missed="10" covered="2"/><counter type="METHOD" missed="0" covered="1"/></method><method name="addSnapshotReactorDependency" desc="(Lorg/owasp/dependencycheck/Engine;Lorg/apache/maven/artifact/Artifact;)Z" line="1573"><counter type="INSTRUCTION" missed="2" covered="9"/><counter type="BRANCH" missed="1" covered="1"/><counter type="LINE" missed="1" covered="2"/><counter type="COMPLEXITY" missed="1" covered="1"/><counter type="METHOD" missed="0" covered="1"/></method><method name="newResolveArtifactProjectBuildingRequest" desc="(Lorg/apache/maven/project/MavenProject;)Lorg/apache/maven/project/ProjectBuildingRequest;" line="1587"><counter type="INSTRUCTION" missed="0" covered="20"/><counter type="LINE" missed="0" covered="4"/><counter type="COMPLEXITY" missed="0" covered="1"/><counter type="METHOD" missed="0" covered="1"/></method><method name="runCheck" desc="()V" line="1602"><counter type="INSTRUCTION" missed="60" covered="86"/><counter type="BRANCH" missed="11" covered="9"/><counter type="LINE" missed="15" covered="21"/><counter type="COMPLEXITY" missed="7" covered="4"/><counter type="METHOD" missed="0" covered="1"/></method><method name="handleAnalysisExceptions" desc="(Lorg/owasp/dependencycheck/exception/ExceptionCollection;Lorg/owasp/dependencycheck/exception/ExceptionCollection;)Lorg/owasp/dependencycheck/exception/ExceptionCollection;" line="1666"><counter type="INSTRUCTION" missed="50" covered="27"/><counter type="BRANCH" missed="9" covered="3"/><counter type="LINE" missed="11" covered="7"/><counter type="COMPLEXITY" missed="6" covered="1"/><counter type="METHOD" missed="0" covered="1"/></method><method name="getReportOutputDirectory" desc="()Ljava/io/File;" line="1709"><counter type="INSTRUCTION" missed="0" covered="3"/><counter type="LINE" missed="0" covered="1"/><counter type="COMPLEXITY" missed="0" covered="1"/><counter type="METHOD" missed="0" covered="1"/></method><method name="setReportOutputDirectory" desc="(Ljava/io/File;)V" line="1719"><counter type="INSTRUCTION" missed="0" covered="4"/><counter type="LINE" missed="0" covered="2"/><counter type="COMPLEXITY" missed="0" covered="1"/><counter type="METHOD" missed="0" covered="1"/></method><method name="getOutputDirectory" desc="()Ljava/io/File;" line="1728"><counter type="INSTRUCTION" missed="3" covered="0"/><counter type="LINE" missed="1" covered="0"/><counter type="COMPLEXITY" missed="1" covered="0"/><counter type="METHOD" missed="1" covered="0"/></method><method name="isExternalReport" desc="()Z" line="1739"><counter type="INSTRUCTION" missed="0" covered="2"/><counter type="LINE" missed="0" covered="1"/><counter type="COMPLEXITY" missed="0" covered="1"/><counter type="METHOD" missed="0" covered="1"/></method><method name="getOutputName" desc="()Ljava/lang/String;" line="1749"><counter type="INSTRUCTION" missed="38" covered="9"/><counter type="BRANCH" missed="13" covered="1"/><counter type="LINE" missed="10" covered="3"/><counter type="COMPLEXITY" missed="7" covered="1"/><counter type="METHOD" missed="0" covered="1"/></method><method name="getCategoryName" desc="()Ljava/lang/String;" line="1773"><counter type="INSTRUCTION" missed="0" covered="2"/><counter type="LINE" missed="0" covered="1"/><counter type="COMPLEXITY" missed="0" covered="1"/><counter type="METHOD" missed="0" covered="1"/></method><method name="initializeEngine" desc="()Lorg/owasp/dependencycheck/Engine;" line="1786"><counter type="INSTRUCTION" missed="0" covered="8"/><counter type="LINE" missed="0" covered="2"/><counter type="COMPLEXITY" missed="0" covered="1"/><counter type="METHOD" missed="0" covered="1"/></method><method name="populateSettings" desc="()V" line="1796"><counter type="INSTRUCTION" missed="80" covered="514"/><counter type="BRANCH" missed="14" covered="12"/><counter type="LINE" missed="17" covered="90"/><counter type="COMPLEXITY" missed="12" covered="2"/><counter type="METHOD" missed="0" covered="1"/></method><method name="configureServerCredentials" desc="(Ljava/lang/String;Ljava/lang/String;Ljava/lang/String;)V" line="1937"><counter type="INSTRUCTION" missed="99" covered="3"/><counter type="BRANCH" missed="13" covered="1"/><counter type="LINE" missed="21" covered="2"/><counter type="COMPLEXITY" missed="7" covered="1"/><counter type="METHOD" missed="0" covered="1"/></method><method name="decryptServerPassword" desc="(Lorg/apache/maven/settings/Server;)Ljava/lang/String;" line="1988"><counter type="INSTRUCTION" missed="15" covered="0"/><counter type="BRANCH" missed="2" covered="0"/><counter type="LINE" missed="3" covered="0"/><counter type="COMPLEXITY" missed="2" covered="0"/><counter type="METHOD" missed="1" covered="0"/></method><method name="determineSuppressions" desc="()[Ljava/lang/String;" line="2003"><counter type="INSTRUCTION" missed="9" covered="26"/><counter type="BRANCH" missed="1" covered="3"/><counter type="LINE" missed="1" covered="6"/><counter type="COMPLEXITY" missed="1" covered="2"/><counter type="METHOD" missed="0" covered="1"/></method><method name="muteJCS" desc="()V" line="2020"><counter type="INSTRUCTION" missed="14" covered="86"/><counter type="BRANCH" missed="0" covered="2"/><counter type="LINE" missed="2" covered="8"/><counter type="COMPLEXITY" missed="0" covered="2"/><counter type="METHOD" missed="0" covered="1"/></method><method name="getMavenProxy" desc="()Lorg/apache/maven/settings/Proxy;" line="2052"><counter type="INSTRUCTION" missed="39" covered="14"/><counter type="BRANCH" missed="13" covered="3"/><counter type="LINE" missed="9" covered="4"/><counter type="COMPLEXITY" missed="8" covered="1"/><counter type="METHOD" missed="0" covered="1"/></method><method name="getProject" desc="()Lorg/apache/maven/project/MavenProject;" line="2084"><counter type="INSTRUCTION" missed="0" covered="3"/><counter type="LINE" missed="0" covered="1"/><counter type="COMPLEXITY" missed="0" covered="1"/><counter type="METHOD" missed="0" covered="1"/></method><method name="getReactorProjects" desc="()Ljava/util/List;" line="2093"><counter type="INSTRUCTION" missed="0" covered="3"/><counter type="LINE" missed="0" covered="1"/><counter type="COMPLEXITY" missed="0" covered="1"/><counter type="METHOD" missed="0" covered="1"/></method><method name="getFormats" desc="()Ljava/util/Set;" line="2102"><counter type="INSTRUCTION" missed="10" covered="41"/><counter type="BRANCH" missed="5" covered="5"/><counter type="LINE" missed="1" covered="8"/><counter type="COMPLEXITY" missed="5" covered="1"/><counter type="METHOD" missed="0" covered="1"/></method><method name="getExcludes" desc="()Ljava/util/List;" line="2130"><counter type="INSTRUCTION" missed="0" covered="11"/><counter type="BRANCH" missed="0" covered="2"/><counter type="LINE" missed="0" covered="3"/><counter type="COMPLEXITY" missed="0" covered="2"/><counter type="METHOD" missed="0" covered="1"/></method><method name="getArtifactScopeExcluded" desc="()Lorg/owasp/dependencycheck/utils/Filter;" line="2142"><counter type="INSTRUCTION" missed="0" covered="3"/><counter type="LINE" missed="0" covered="1"/><counter type="COMPLEXITY" missed="0" covered="1"/><counter type="METHOD" missed="0" covered="1"/></method><method name="getSettings" desc="()Lorg/owasp/dependencycheck/utils/Settings;" line="2151"><counter type="INSTRUCTION" missed="0" covered="3"/><counter type="LINE" missed="0" covered="1"/><counter type="COMPLEXITY" missed="0" covered="1"/><counter type="METHOD" missed="0" covered="1"/></method><method name="checkForFailure" desc="([Lorg/owasp/dependencycheck/dependency/Dependency;)V" line="2164"><counter type="INSTRUCTION" missed="77" covered="64"/><counter type="BRANCH" missed="15" covered="11"/><counter type="LINE" missed="13" covered="10"/><counter type="COMPLEXITY" missed="11" covered="3"/><counter type="METHOD" missed="0" covered="1"/></method><method name="showSummary" desc="(Lorg/apache/maven/project/MavenProject;[Lorg/owasp/dependencycheck/dependency/Dependency;)V" line="2207"><counter type="INSTRUCTION" missed="0" covered="8"/><counter type="BRANCH" missed="1" covered="1"/><counter type="LINE" missed="0" covered="3"/><counter type="COMPLEXITY" missed="1" covered="1"/><counter type="METHOD" missed="0" covered="1"/></method><method name="lambda$getFormats$3" desc="(Ljava/lang/String;)V" line="2112"><counter type="INSTRUCTION" missed="12" covered="0"/><counter type="LINE" missed="2" covered="0"/><counter type="COMPLEXITY" missed="1" covered="0"/><counter type="METHOD" missed="1" covered="0"/></method><method name="lambda$getFormats$2" desc="(Ljava/util/Set;Ljava/lang/String;)V" line="2106"><counter type="INSTRUCTION" missed="11" covered="0"/><counter type="LINE" missed="5" covered="0"/><counter type="COMPLEXITY" missed="1" covered="0"/><counter type="METHOD" missed="1" covered="0"/></method><method name="lambda$collectDependencies$1" desc="(Ljava/lang/String;)V" line="1368"><counter type="INSTRUCTION" missed="16" covered="0"/><counter type="LINE" missed="5" covered="0"/><counter type="COMPLEXITY" missed="1" covered="0"/><counter type="METHOD" missed="1" covered="0"/></method><method name="lambda$findVersion$0" desc="(Ljava/lang/String;Ljava/lang/String;Lorg/apache/maven/shared/dependency/graph/DependencyNode;)Z" line="1114"><counter type="INSTRUCTION" missed="1" covered="15"/><counter type="BRANCH" missed="2" covered="2"/><counter type="LINE" missed="0" covered="2"/><counter type="COMPLEXITY" missed="2" covered="1"/><counter type="METHOD" missed="0" covered="1"/></method><method name="&lt;clinit&gt;" desc="()V" line="121"><counter type="INSTRUCTION" missed="0" covered="6"/><counter type="LINE" missed="0" covered="1"/><counter type="COMPLEXITY" missed="0" covered="1"/><counter type="METHOD" missed="0" covered="1"/></method><counter type="INSTRUCTION" missed="1108" covered="2177"/><counter type="BRANCH" missed="200" covered="130"/><counter type="LINE" missed="229" covered="432"/><counter type="COMPLEXITY" missed="149" covered="67"/><counter type="METHOD" missed="8" covered="43"/><counter type="CLASS" missed="0" covered="1"/></class><sourcefile name="BaseDependencyCheckMojo.java"><line nr="111" mi="0" ci="2" mb="0" cb="0"/><line nr="121" mi="0" ci="6" mb="0" cb="0"/><line nr="129" mi="0" ci="3" mb="0" cb="0"/><line nr="133" mi="0" ci="3" mb="0" cb="0"/><line nr="195" mi="0" ci="3" mb="0" cb="0"/><line nr="203" mi="0" ci="3" mb="0" cb="0"/><line nr="209" mi="0" ci="3" mb="0" cb="0"/><line nr="260" mi="0" ci="3" mb="0" cb="0"/><line nr="331" mi="0" ci="3" mb="0" cb="0"/><line nr="682" mi="0" ci="3" mb="0" cb="0"/><line nr="688" mi="0" ci="3" mb="0" cb="0"/><line nr="694" mi="0" ci="3" mb="0" cb="0"/><line nr="700" mi="0" ci="3" mb="0" cb="0"/><line nr="707" mi="0" ci="3" mb="0" cb="0"/><line nr="714" mi="0" ci="4" mb="0" cb="0"/><line nr="850" mi="0" ci="8" mb="1" cb="1"/><line nr="851" mi="0" ci="6" mb="1" cb="1"/><line nr="852" mi="1" ci="7" mb="1" cb="1"/><line nr="865" mi="5" ci="9" mb="6" cb="2"/><line nr="877" mi="0" ci="3" mb="0" cb="0"/><line nr="878" mi="0" ci="7" mb="0" cb="0"/><line nr="879" mi="0" ci="2" mb="1" cb="1"/><line nr="880" mi="14" ci="0" mb="0" cb="0"/><line nr="882" mi="0" ci="6" mb="0" cb="0"/><line nr="883" mi="0" ci="2" mb="0" cb="0"/><line nr="885" mi="0" ci="1" mb="0" cb="0"/><line nr="900" mi="0" ci="4" mb="0" cb="0"/><line nr="901" mi="0" ci="1" mb="0" cb="0"/><line nr="909" mi="3" ci="0" mb="0" cb="0"/><line nr="918" mi="3" ci="0" mb="0" cb="0"/><line nr="927" mi="0" ci="3" mb="0" cb="0"/><line nr="938" mi="0" ci="7" mb="0" cb="0"/><line nr="939" mi="0" ci="2" mb="1" cb="1"/><line nr="940" mi="13" ci="0" mb="0" cb="0"/><line nr="941" mi="1" ci="0" mb="0" cb="0"/><line nr="944" mi="0" ci="3" mb="0" cb="0"/><line nr="945" mi="0" ci="6" mb="0" cb="0"/><line nr="947" mi="0" ci="2" mb="0" cb="0"/><line nr="948" mi="1" ci="0" mb="0" cb="0"/><line nr="949" mi="7" ci="0" mb="0" cb="0"/><line nr="950" mi="1" ci="0" mb="0" cb="0"/><line nr="951" mi="4" ci="0" mb="0" cb="0"/><line nr="952" mi="0" ci="1" mb="0" cb="0"/><line nr="953" mi="0" ci="1" mb="0" cb="0"/><line nr="964" mi="5" ci="0" mb="0" cb="0"/><line nr="975" mi="0" ci="4" mb="0" cb="0"/><line nr="976" mi="0" ci="5" mb="2" cb="2"/><line nr="977" mi="0" ci="3" mb="0" cb="0"/><line nr="980" mi="7" ci="0" mb="0" cb="0"/><line nr="981" mi="9" ci="0" mb="4" cb="0"/><line nr="982" mi="3" ci="0" mb="0" cb="0"/><line nr="984" mi="2" ci="0" mb="0" cb="0"/><line nr="997" mi="0" ci="6" mb="0" cb="0"/><line nr="1012" mi="0" ci="16" mb="0" cb="0"/><line nr="1013" mi="0" ci="4" mb="0" cb="0"/><line nr="1016" mi="0" ci="8" mb="0" cb="0"/><line nr="1018" mi="0" ci="4" mb="0" cb="0"/><line nr="1020" mi="0" ci="8" mb="0" cb="0"/><line nr="1021" mi="0" ci="5" mb="0" cb="0"/><line nr="1024" mi="0" ci="12" mb="0" cb="0"/><line nr="1026" mi="0" ci="4" mb="0" cb="0"/><line nr="1029" mi="0" ci="6" mb="0" cb="0"/><line nr="1031" mi="0" ci="8" mb="0" cb="0"/><line nr="1032" mi="1" ci="0" mb="0" cb="0"/><line nr="1033" mi="10" ci="0" mb="0" cb="0"/><line nr="1034" mi="5" ci="0" mb="0" cb="0"/><line nr="1035" mi="5" ci="0" mb="0" cb="0"/><line nr="1053" mi="0" ci="4" mb="0" cb="0"/><line nr="1055" mi="0" ci="4" mb="0" cb="0"/><line nr="1056" mi="0" ci="4" mb="0" cb="0"/><line nr="1057" mi="0" ci="2" mb="0" cb="0"/><line nr="1060" mi="0" ci="4" mb="0" cb="0"/><line nr="1061" mi="1" ci="0" mb="0" cb="0"/><line nr="1062" mi="8" ci="0" mb="0" cb="0"/><line nr="1063" mi="5" ci="0" mb="0" cb="0"/><line nr="1064" mi="5" ci="0" mb="0" cb="0"/><line nr="1065" mi="6" ci="0" mb="0" cb="0"/><line nr="1066" mi="0" ci="1" mb="0" cb="0"/><line nr="1067" mi="0" ci="3" mb="0" cb="2"/><line nr="1068" mi="0" ci="8" mb="0" cb="0"/><line nr="1069" mi="0" ci="2" mb="1" cb="1"/><line nr="1072" mi="3" ci="0" mb="2" cb="0"/><line nr="1073" mi="5" ci="0" mb="0" cb="0"/><line nr="1074" mi="3" ci="0" mb="2" cb="0"/><line nr="1075" mi="11" ci="0" mb="2" cb="0"/><line nr="1076" mi="3" ci="0" mb="2" cb="0"/><line nr="1077" mi="4" ci="0" mb="0" cb="0"/><line nr="1079" mi="3" ci="0" mb="2" cb="0"/><line nr="1080" mi="4" ci="0" mb="0" cb="0"/><line nr="1082" mi="2" ci="0" mb="0" cb="0"/><line nr="1084" mi="3" ci="0" mb="0" cb="0"/><line nr="1088" mi="0" ci="2" mb="0" cb="2"/><line nr="1089" mi="0" ci="3" mb="0" cb="0"/><line nr="1091" mi="0" ci="3" mb="0" cb="0"/><line nr="1093" mi="0" ci="8" mb="0" cb="0"/><line nr="1094" mi="0" ci="4" mb="0" cb="0"/><line nr="1095" mi="4" ci="7" mb="3" cb="1"/><line nr="1096" mi="2" ci="2" mb="0" cb="0"/><line nr="1097" mi="0" ci="7" mb="0" cb="0"/><line nr="1098" mi="0" ci="4" mb="0" cb="0"/><line nr="1099" mi="0" ci="11" mb="0" cb="0"/><line nr="1113" mi="0" ci="6" mb="0" cb="0"/><line nr="1114" mi="0" ci="9" mb="1" cb="1"/><line nr="1115" mi="1" ci="8" mb="1" cb="1"/><line nr="1116" mi="0" ci="3" mb="1" cb="1"/><line nr="1117" mi="0" ci="6" mb="0" cb="0"/><line nr="1119" mi="2" ci="0" mb="0" cb="0"/><line nr="1135" mi="0" ci="6" mb="1" cb="3"/><line nr="1136" mi="0" ci="2" mb="0" cb="0"/><line nr="1139" mi="0" ci="2" mb="0" cb="0"/><line nr="1140" mi="0" ci="12" mb="0" cb="2"/><line nr="1142" mi="0" ci="9" mb="0" cb="0"/><line nr="1143" mi="0" ci="1" mb="0" cb="0"/><line nr="1144" mi="0" ci="12" mb="0" cb="0"/><line nr="1145" mi="0" ci="2" mb="0" cb="0"/><line nr="1147" mi="1" ci="2" mb="1" cb="1"/><line nr="1149" mi="0" ci="7" mb="1" cb="1"/><line nr="1150" mi="0" ci="4" mb="0" cb="0"/><line nr="1151" mi="0" ci="11" mb="0" cb="0"/><line nr="1153" mi="0" ci="2" mb="0" cb="0"/><line nr="1156" mi="0" ci="2" mb="1" cb="1"/><line nr="1157" mi="2" ci="0" mb="2" cb="0"/><line nr="1158" mi="4" ci="0" mb="0" cb="0"/><line nr="1160" mi="3" ci="0" mb="0" cb="0"/><line nr="1162" mi="0" ci="1" mb="0" cb="0"/><line nr="1163" mi="0" ci="1" mb="0" cb="0"/><line nr="1164" mi="0" ci="2" mb="0" cb="0"/><line nr="1183" mi="0" ci="8" mb="0" cb="0"/><line nr="1185" mi="0" ci="10" mb="0" cb="2"/><line nr="1186" mi="0" ci="10" mb="0" cb="2"/><line nr="1187" mi="0" ci="4" mb="1" cb="1"/><line nr="1188" mi="1" ci="0" mb="0" cb="0"/><line nr="1191" mi="0" ci="2" mb="0" cb="0"/><line nr="1192" mi="0" ci="2" mb="0" cb="0"/><line nr="1193" mi="0" ci="2" mb="0" cb="0"/><line nr="1194" mi="0" ci="2" mb="0" cb="0"/><line nr="1195" mi="0" ci="2" mb="0" cb="0"/><line nr="1196" mi="0" ci="2" mb="0" cb="0"/><line nr="1197" mi="0" ci="6" mb="0" cb="2"/><line nr="1198" mi="0" ci="11" mb="1" cb="1"/><line nr="1199" mi="0" ci="3" mb="0" cb="0"/><line nr="1200" mi="0" ci="7" mb="2" cb="2"/><line nr="1202" mi="0" ci="6" mb="0" cb="0"/><line nr="1203" mi="0" ci="3" mb="0" cb="0"/><line nr="1204" mi="0" ci="3" mb="0" cb="0"/><line nr="1205" mi="0" ci="3" mb="0" cb="0"/><line nr="1206" mi="0" ci="3" mb="0" cb="0"/><line nr="1207" mi="0" ci="3" mb="0" cb="0"/><line nr="1208" mi="0" ci="1" mb="0" cb="0"/><line nr="1210" mi="1" ci="0" mb="0" cb="0"/><line nr="1211" mi="0" ci="2" mb="1" cb="1"/><line nr="1212" mi="12" ci="0" mb="0" cb="0"/><line nr="1213" mi="2" ci="0" mb="2" cb="0"/><line nr="1214" mi="4" ci="0" mb="0" cb="0"/><line nr="1216" mi="11" ci="0" mb="0" cb="0"/><line nr="1217" mi="4" ci="0" mb="0" cb="0"/><line nr="1220" mi="0" ci="3" mb="0" cb="0"/><line nr="1222" mi="0" ci="3" mb="0" cb="2"/><line nr="1226" mi="0" ci="12" mb="0" cb="0"/><line nr="1227" mi="0" ci="3" mb="0" cb="0"/><line nr="1229" mi="0" ci="4" mb="0" cb="0"/><line nr="1231" mi="7" ci="0" mb="0" cb="0"/><line nr="1232" mi="0" ci="1" mb="0" cb="0"/><line nr="1233" mi="0" ci="12" mb="0" cb="0"/><line nr="1234" mi="0" ci="2" mb="0" cb="0"/><line nr="1236" mi="1" ci="2" mb="1" cb="1"/><line nr="1238" mi="0" ci="6" mb="1" cb="1"/><line nr="1240" mi="0" ci="2" mb="0" cb="0"/><line nr="1243" mi="0" ci="2" mb="1" cb="1"/><line nr="1244" mi="2" ci="0" mb="2" cb="0"/><line nr="1245" mi="4" ci="0" mb="0" cb="0"/><line nr="1247" mi="3" ci="0" mb="0" cb="0"/><line nr="1249" mi="0" ci="1" mb="0" cb="0"/><line nr="1250" mi="1" ci="0" mb="0" cb="0"/><line nr="1252" mi="0" ci="7" mb="1" cb="3"/><line nr="1253" mi="0" ci="6" mb="0" cb="2"/><line nr="1254" mi="0" ci="3" mb="1" cb="1"/><line nr="1255" mi="0" ci="1" mb="0" cb="0"/><line nr="1257" mi="0" ci="3" mb="0" cb="0"/><line nr="1258" mi="0" ci="3" mb="0" cb="0"/><line nr="1259" mi="0" ci="3" mb="0" cb="0"/><line nr="1260" mi="0" ci="3" mb="0" cb="0"/><line nr="1261" mi="0" ci="3" mb="0" cb="0"/><line nr="1262" mi="0" ci="3" mb="0" cb="0"/><line nr="1264" mi="0" ci="4" mb="2" cb="2"/><line nr="1265" mi="0" ci="8" mb="0" cb="0"/><line nr="1266" mi="0" ci="1" mb="0" cb="0"/><line nr="1267" mi="0" ci="2" mb="1" cb="1"/><line nr="1268" mi="0" ci="2" mb="0" cb="0"/><line nr="1269" mi="0" ci="4" mb="1" cb="1"/><line nr="1270" mi="0" ci="6" mb="0" cb="0"/><line nr="1272" mi="10" ci="0" mb="2" cb="0"/><line nr="1273" mi="6" ci="0" mb="2" cb="0"/><line nr="1274" mi="2" ci="0" mb="0" cb="0"/><line nr="1275" mi="1" ci="0" mb="0" cb="0"/><line nr="1277" mi="1" ci="0" mb="0" cb="0"/><line nr="1279" mi="0" ci="2" mb="1" cb="1"/><line nr="1280" mi="0" ci="7" mb="0" cb="0"/><line nr="1281" mi="0" ci="5" mb="0" cb="0"/><line nr="1282" mi="0" ci="2" mb="1" cb="1"/><line nr="1283" mi="10" ci="0" mb="2" cb="0"/><line nr="1284" mi="4" ci="0" mb="0" cb="0"/><line nr="1285" mi="1" ci="0" mb="0" cb="0"/><line nr="1287" mi="0" ci="10" mb="0" cb="0"/><line nr="1288" mi="0" ci="7" mb="0" cb="0"/><line nr="1289" mi="4" ci="1" mb="2" cb="0"/><line nr="1290" mi="8" ci="0" mb="0" cb="0"/><line nr="1291" mi="8" ci="0" mb="0" cb="0"/><line nr="1292" mi="4" ci="0" mb="0" cb="0"/><line nr="1294" mi="6" ci="1" mb="2" cb="0"/><line nr="1295" mi="8" ci="0" mb="0" cb="0"/><line nr="1296" mi="14" ci="0" mb="0" cb="0"/><line nr="1297" mi="4" ci="0" mb="0" cb="0"/><line nr="1298" mi="7" ci="0" mb="2" cb="0"/><line nr="1301" mi="6" ci="0" mb="0" cb="0"/><line nr="1302" mi="4" ci="0" mb="0" cb="0"/><line nr="1303" mi="6" ci="0" mb="0" cb="0"/><line nr="1304" mi="3" ci="0" mb="0" cb="0"/><line nr="1305" mi="1" ci="0" mb="0" cb="0"/><line nr="1306" mi="2" ci="0" mb="2" cb="0"/><line nr="1307" mi="4" ci="0" mb="0" cb="0"/><line nr="1309" mi="3" ci="0" mb="0" cb="0"/><line nr="1310" mi="13" ci="0" mb="0" cb="0"/><line nr="1311" mi="2" ci="0" mb="0" cb="0"/><line nr="1313" mi="8" ci="0" mb="0" cb="0"/><line nr="1314" mi="14" ci="0" mb="0" cb="0"/><line nr="1315" mi="4" ci="0" mb="0" cb="0"/><line nr="1317" mi="0" ci="1" mb="0" cb="0"/><line nr="1318" mi="8" ci="0" mb="0" cb="0"/><line nr="1319" mi="8" ci="0" mb="0" cb="0"/><line nr="1320" mi="4" ci="0" mb="0" cb="0"/><line nr="1321" mi="2" ci="0" mb="2" cb="0"/><line nr="1322" mi="4" ci="0" mb="0" cb="0"/><line nr="1325" mi="0" ci="1" mb="0" cb="0"/><line nr="1326" mi="0" ci="2" mb="0" cb="0"/><line nr="1339" mi="0" ci="14" mb="0" cb="0"/><line nr="1359" mi="0" ci="8" mb="0" cb="0"/><line nr="1363" mi="0" ci="7" mb="2" cb="2"/><line nr="1364" mi="3" ci="0" mb="2" cb="0"/><line nr="1365" mi="5" ci="0" mb="0" cb="0"/><line nr="1367" mi="6" ci="0" mb="0" cb="0"/><line nr="1368" mi="4" ci="0" mb="0" cb="0"/><line nr="1369" mi="3" ci="0" mb="0" cb="0"/><line nr="1370" mi="3" ci="0" mb="0" cb="0"/><line nr="1371" mi="5" ci="0" mb="0" cb="0"/><line nr="1372" mi="1" ci="0" mb="0" cb="0"/><line nr="1375" mi="0" ci="7" mb="1" cb="3"/><line nr="1377" mi="0" ci="4" mb="0" cb="0"/><line nr="1378" mi="0" ci="4" mb="0" cb="0"/><line nr="1379" mi="0" ci="4" mb="0" cb="0"/><line nr="1380" mi="0" ci="4" mb="0" cb="0"/><line nr="1382" mi="0" ci="9" mb="0" cb="0"/><line nr="1383" mi="0" ci="3" mb="0" cb="0"/><line nr="1384" mi="0" ci="9" mb="0" cb="0"/><line nr="1385" mi="0" ci="3" mb="0" cb="0"/><line nr="1386" mi="0" ci="9" mb="0" cb="0"/><line nr="1387" mi="0" ci="3" mb="0" cb="0"/><line nr="1388" mi="0" ci="5" mb="0" cb="0"/><line nr="1389" mi="0" ci="3" mb="0" cb="0"/><line nr="1390" mi="0" ci="3" mb="0" cb="0"/><line nr="1391" mi="0" ci="3" mb="0" cb="0"/><line nr="1392" mi="0" ci="3" mb="0" cb="0"/><line nr="1393" mi="0" ci="3" mb="0" cb="0"/><line nr="1394" mi="1" ci="0" mb="0" cb="0"/><line nr="1395" mi="2" ci="0" mb="2" cb="0"/><line nr="1396" mi="4" ci="0" mb="0" cb="0"/><line nr="1398" mi="3" ci="0" mb="0" cb="0"/><line nr="1399" mi="0" ci="1" mb="0" cb="0"/><line nr="1400" mi="0" ci="4" mb="0" cb="0"/><line nr="1401" mi="0" ci="4" mb="0" cb="0"/><line nr="1402" mi="0" ci="4" mb="0" cb="0"/><line nr="1403" mi="0" ci="4" mb="0" cb="0"/><line nr="1404" mi="0" ci="4" mb="0" cb="0"/><line nr="1406" mi="0" ci="3" mb="1" cb="1"/><line nr="1407" mi="0" ci="4" mb="0" cb="0"/><line nr="1408" mi="0" ci="11" mb="0" cb="2"/><line nr="1410" mi="0" ci="4" mb="0" cb="0"/><line nr="1411" mi="0" ci="6" mb="0" cb="0"/><line nr="1412" mi="0" ci="3" mb="1" cb="1"/><line nr="1413" mi="5" ci="0" mb="0" cb="0"/><line nr="1416" mi="0" ci="10" mb="0" cb="0"/><line nr="1417" mi="1" ci="0" mb="0" cb="0"/><line nr="1418" mi="2" ci="0" mb="2" cb="0"/><line nr="1419" mi="4" ci="0" mb="0" cb="0"/><line nr="1421" mi="3" ci="0" mb="0" cb="0"/><line nr="1422" mi="4" ci="0" mb="0" cb="0"/><line nr="1423" mi="0" ci="1" mb="0" cb="0"/><line nr="1425" mi="0" ci="4" mb="0" cb="0"/><line nr="1426" mi="0" ci="4" mb="0" cb="0"/><line nr="1427" mi="0" ci="4" mb="0" cb="0"/><line nr="1428" mi="0" ci="4" mb="0" cb="0"/><line nr="1429" mi="0" ci="4" mb="0" cb="0"/><line nr="1430" mi="0" ci="4" mb="0" cb="0"/><line nr="1431" mi="0" ci="4" mb="0" cb="0"/><line nr="1432" mi="0" ci="4" mb="0" cb="0"/><line nr="1433" mi="0" ci="4" mb="0" cb="0"/><line nr="1434" mi="0" ci="4" mb="0" cb="0"/><line nr="1435" mi="0" ci="4" mb="0" cb="0"/><line nr="1436" mi="0" ci="2" mb="0" cb="0"/><line nr="1438" mi="3" ci="0" mb="0" cb="0"/><line nr="1442" mi="0" ci="4" mb="0" cb="0"/><line nr="1443" mi="0" ci="10" mb="0" cb="2"/><line nr="1444" mi="0" ci="12" mb="0" cb="0"/><line nr="1445" mi="0" ci="4" mb="0" cb="0"/><line nr="1446" mi="0" ci="16" mb="0" cb="2"/><line nr="1447" mi="0" ci="8" mb="0" cb="0"/><line nr="1448" mi="0" ci="3" mb="1" cb="1"/><line nr="1449" mi="0" ci="6" mb="0" cb="0"/><line nr="1452" mi="0" ci="1" mb="0" cb="0"/><line nr="1453" mi="0" ci="2" mb="0" cb="0"/><line nr="1467" mi="0" ci="6" mb="0" cb="0"/><line nr="1486" mi="0" ci="11" mb="0" cb="0"/><line nr="1487" mi="0" ci="6" mb="0" cb="0"/><line nr="1488" mi="0" ci="12" mb="0" cb="0"/><line nr="1490" mi="0" ci="11" mb="1" cb="1"/><line nr="1492" mi="0" ci="10" mb="0" cb="0"/><line nr="1493" mi="0" ci="15" mb="0" cb="0"/><line nr="1494" mi="0" ci="12" mb="0" cb="0"/><line nr="1496" mi="0" ci="7" mb="0" cb="2"/><line nr="1497" mi="0" ci="6" mb="1" cb="1"/><line nr="1498" mi="0" ci="5" mb="1" cb="1"/><line nr="1500" mi="0" ci="8" mb="0" cb="0"/><line nr="1501" mi="0" ci="12" mb="0" cb="0"/><line nr="1502" mi="0" ci="11" mb="0" cb="0"/><line nr="1504" mi="0" ci="7" mb="0" cb="0"/><line nr="1506" mi="0" ci="3" mb="1" cb="1"/><line nr="1507" mi="0" ci="4" mb="0" cb="0"/><line nr="1508" mi="0" ci="7" mb="0" cb="0"/><line nr="1510" mi="5" ci="0" mb="0" cb="0"/><line nr="1512" mi="0" ci="20" mb="0" cb="0"/><line nr="1513" mi="0" ci="4" mb="0" cb="0"/><line nr="1514" mi="0" ci="4" mb="0" cb="0"/><line nr="1515" mi="0" ci="4" mb="0" cb="0"/><line nr="1516" mi="0" ci="3" mb="0" cb="0"/><line nr="1517" mi="0" ci="3" mb="0" cb="0"/><line nr="1519" mi="0" ci="8" mb="0" cb="0"/><line nr="1520" mi="0" ci="8" mb="0" cb="0"/><line nr="1522" mi="0" ci="8" mb="0" cb="0"/><line nr="1523" mi="0" ci="8" mb="0" cb="0"/><line nr="1524" mi="0" ci="3" mb="0" cb="0"/><line nr="1527" mi="0" ci="6" mb="0" cb="0"/><line nr="1528" mi="0" ci="6" mb="0" cb="0"/><line nr="1529" mi="1" ci="0" mb="0" cb="0"/><line nr="1530" mi="11" ci="0" mb="0" cb="0"/><line nr="1531" mi="13" ci="0" mb="0" cb="0"/><line nr="1532" mi="0" ci="1" mb="0" cb="0"/><line nr="1533" mi="0" ci="3" mb="0" cb="0"/><line nr="1535" mi="0" ci="16" mb="0" cb="0"/><line nr="1536" mi="0" ci="4" mb="0" cb="0"/><line nr="1537" mi="0" ci="3" mb="0" cb="0"/><line nr="1538" mi="0" ci="3" mb="1" cb="1"/><line nr="1539" mi="7" ci="0" mb="0" cb="0"/><line nr="1541" mi="4" ci="7" mb="1" cb="1"/><line nr="1542" mi="4" ci="0" mb="0" cb="0"/><line nr="1543" mi="3" ci="0" mb="2" cb="0"/><line nr="1544" mi="5" ci="0" mb="0" cb="0"/><line nr="1546" mi="3" ci="0" mb="2" cb="0"/><line nr="1547" mi="7" ci="0" mb="0" cb="0"/><line nr="1549" mi="3" ci="0" mb="2" cb="0"/><line nr="1550" mi="5" ci="0" mb="0" cb="0"/><line nr="1551" mi="5" ci="0" mb="2" cb="0"/><line nr="1552" mi="16" ci="0" mb="0" cb="0"/><line nr="1554" mi="1" ci="0" mb="0" cb="0"/><line nr="1555" mi="0" ci="3" mb="0" cb="0"/><line nr="1556" mi="0" ci="2" mb="0" cb="0"/><line nr="1558" mi="0" ci="1" mb="0" cb="0"/><line nr="1559" mi="2" ci="0" mb="0" cb="0"/><line nr="1573" mi="0" ci="3" mb="1" cb="1"/><line nr="1574" mi="2" ci="0" mb="0" cb="0"/><line nr="1576" mi="0" ci="6" mb="0" cb="0"/><line nr="1587" mi="0" ci="7" mb="0" cb="0"/><line nr="1588" mi="0" ci="8" mb="0" cb="0"/><line nr="1589" mi="0" ci="3" mb="0" cb="0"/><line nr="1590" mi="0" ci="2" mb="0" cb="0"/><line nr="1602" mi="0" ci="2" mb="0" cb="0"/><line nr="1603" mi="0" ci="5" mb="0" cb="0"/><line nr="1604" mi="0" ci="4" mb="0" cb="0"/><line nr="1606" mi="0" ci="2" mb="0" cb="0"/><line nr="1607" mi="0" ci="1" mb="0" cb="0"/><line nr="1608" mi="0" ci="5" mb="0" cb="0"/><line nr="1609" mi="0" ci="1" mb="0" cb="0"/><line nr="1610" mi="0" ci="5" mb="1" cb="3"/><line nr="1612" mi="0" ci="5" mb="0" cb="0"/><line nr="1613" mi="0" ci="2" mb="1" cb="1"/><line nr="1616" mi="8" ci="0" mb="0" cb="0"/><line nr="1619" mi="0" ci="3" mb="0" cb="0"/><line nr="1620" mi="0" ci="11" mb="0" cb="2"/><line nr="1621" mi="0" ci="13" mb="0" cb="0"/><line nr="1622" mi="0" ci="1" mb="0" cb="0"/><line nr="1623" mi="1" ci="0" mb="0" cb="0"/><line nr="1624" mi="2" ci="0" mb="2" cb="0"/><line nr="1625" mi="6" ci="0" mb="0" cb="0"/><line nr="1627" mi="3" ci="0" mb="0" cb="0"/><line nr="1629" mi="3" ci="0" mb="2" cb="0"/><line nr="1630" mi="6" ci="0" mb="0" cb="0"/><line nr="1632" mi="5" ci="0" mb="0" cb="0"/><line nr="1634" mi="0" ci="1" mb="0" cb="0"/><line nr="1635" mi="0" ci="6" mb="0" cb="0"/><line nr="1636" mi="0" ci="4" mb="0" cb="0"/><line nr="1637" mi="0" ci="5" mb="1" cb="3"/><line nr="1638" mi="0" ci="6" mb="0" cb="0"/><line nr="1641" mi="1" ci="0" mb="0" cb="0"/><line nr="1642" mi="4" ci="0" mb="2" cb="0"/><line nr="1643" mi="5" ci="0" mb="0" cb="0"/><line nr="1645" mi="2" ci="0" mb="0" cb="0"/><line nr="1646" mi="3" ci="0" mb="2" cb="0"/><line nr="1647" mi="6" ci="0" mb="0" cb="0"/><line nr="1649" mi="5" ci="0" mb="0" cb="0"/><line nr="1651" mi="0" ci="3" mb="0" cb="0"/><line nr="1653" mi="0" ci="1" mb="0" cb="0"/><line nr="1666" mi="0" ci="2" mb="0" cb="0"/><line nr="1667" mi="0" ci="2" mb="1" cb="1"/><line nr="1668" mi="0" ci="3" mb="0" cb="0"/><line nr="1670" mi="6" ci="0" mb="0" cb="0"/><line nr="1671" mi="3" ci="0" mb="2" cb="0"/><line nr="1672" mi="3" ci="0" mb="0" cb="0"/><line nr="1675" mi="0" ci="3" mb="1" cb="1"/><line nr="1676" mi="11" ci="0" mb="0" cb="0"/><line nr="1677" mi="3" ci="0" mb="2" cb="0"/><line nr="1678" mi="6" ci="0" mb="0" cb="0"/><line nr="1680" mi="4" ci="0" mb="0" cb="0"/><line nr="1681" mi="4" ci="0" mb="2" cb="0"/><line nr="1682" mi="4" ci="0" mb="0" cb="0"/><line nr="1684" mi="1" ci="0" mb="0" cb="0"/><line nr="1685" mi="0" ci="11" mb="0" cb="0"/><line nr="1686" mi="0" ci="4" mb="1" cb="1"/><line nr="1687" mi="5" ci="0" mb="0" cb="0"/><line nr="1690" mi="0" ci="2" mb="0" cb="0"/><line nr="1709" mi="0" ci="3" mb="0" cb="0"/><line nr="1719" mi="0" ci="3" mb="0" cb="0"/><line nr="1720" mi="0" ci="1" mb="0" cb="0"/><line nr="1728" mi="3" ci="0" mb="0" cb="0"/><line nr="1739" mi="0" ci="2" mb="0" cb="0"/><line nr="1749" mi="0" ci="3" mb="0" cb="0"/><line nr="1750" mi="8" ci="4" mb="5" cb="1"/><line nr="1751" mi="0" ci="2" mb="0" cb="0"/><line nr="1752" mi="4" ci="0" mb="2" cb="0"/><line nr="1753" mi="2" ci="0" mb="0" cb="0"/><line nr="1754" mi="4" ci="0" mb="2" cb="0"/><line nr="1755" mi="2" ci="0" mb="0" cb="0"/><line nr="1756" mi="4" ci="0" mb="2" cb="0"/><line nr="1757" mi="2" ci="0" mb="0" cb="0"/><line nr="1758" mi="4" ci="0" mb="2" cb="0"/><line nr="1759" mi="2" ci="0" mb="0" cb="0"/><line nr="1761" mi="4" ci="0" mb="0" cb="0"/><line nr="1762" mi="2" ci="0" mb="0" cb="0"/><line nr="1773" mi="0" ci="2" mb="0" cb="0"/><line nr="1786" mi="0" ci="2" mb="0" cb="0"/><line nr="1787" mi="0" ci="6" mb="0" cb="0"/><line nr="1796" mi="0" ci="5" mb="0" cb="0"/><line nr="1797" mi="0" ci="2" mb="0" cb="0"/><line nr="1799" mi="0" ci="6" mb="0" cb="0"/><line nr="1800" mi="0" ci="4" mb="0" cb="0"/><line nr="1801" mi="1" ci="0" mb="0" cb="0"/><line nr="1802" mi="4" ci="0" mb="0" cb="0"/><line nr="1803" mi="4" ci="0" mb="2" cb="0"/><line nr="1804" mi="5" ci="0" mb="0" cb="0"/><line nr="1807" mi="0" ci="2" mb="1" cb="1"/><line nr="1809" mi="0" ci="2" mb="0" cb="0"/><line nr="1810" mi="1" ci="0" mb="0" cb="0"/><line nr="1811" mi="4" ci="0" mb="2" cb="0"/><line nr="1812" mi="5" ci="0" mb="0" cb="0"/><line nr="1814" mi="0" ci="1" mb="0" cb="0"/><line nr="1817" mi="0" ci="6" mb="0" cb="0"/><line nr="1818" mi="0" ci="6" mb="0" cb="0"/><line nr="1819" mi="0" ci="6" mb="0" cb="0"/><line nr="1820" mi="0" ci="6" mb="0" cb="0"/><line nr="1821" mi="0" ci="6" mb="0" cb="0"/><line nr="1822" mi="0" ci="6" mb="0" cb="0"/><line nr="1824" mi="0" ci="3" mb="0" cb="0"/><line nr="1825" mi="0" ci="2" mb="1" cb="1"/><line nr="1826" mi="6" ci="0" mb="0" cb="0"/><line nr="1827" mi="7" ci="0" mb="0" cb="0"/><line nr="1828" mi="3" ci="0" mb="0" cb="0"/><line nr="1829" mi="3" ci="0" mb="0" cb="0"/><line nr="1830" mi="5" ci="0" mb="0" cb="0"/><line nr="1831" mi="5" ci="0" mb="0" cb="0"/><line nr="1832" mi="6" ci="0" mb="0" cb="0"/><line nr="1834" mi="0" ci="3" mb="0" cb="0"/><line nr="1835" mi="0" ci="5" mb="0" cb="0"/><line nr="1836" mi="0" ci="7" mb="0" cb="0"/><line nr="1837" mi="0" ci="6" mb="0" cb="0"/><line nr="1838" mi="0" ci="6" mb="0" cb="0"/><line nr="1839" mi="0" ci="6" mb="0" cb="0"/><line nr="1840" mi="0" ci="6" mb="0" cb="0"/><line nr="1841" mi="0" ci="6" mb="0" cb="0"/><line nr="1842" mi="0" ci="6" mb="0" cb="0"/><line nr="1843" mi="0" ci="6" mb="0" cb="0"/><line nr="1844" mi="0" ci="6" mb="0" cb="0"/><line nr="1845" mi="0" ci="6" mb="0" cb="0"/><line nr="1846" mi="0" ci="6" mb="0" cb="0"/><line nr="1847" mi="0" ci="6" mb="0" cb="0"/><line nr="1848" mi="0" ci="6" mb="0" cb="0"/><line nr="1849" mi="0" ci="6" mb="0" cb="0"/><line nr="1850" mi="0" ci="6" mb="0" cb="0"/><line nr="1851" mi="0" ci="6" mb="0" cb="0"/><line nr="1852" mi="0" ci="6" mb="0" cb="0"/><line nr="1854" mi="0" ci="6" mb="0" cb="0"/><line nr="1855" mi="0" ci="6" mb="0" cb="0"/><line nr="1856" mi="0" ci="6" mb="0" cb="0"/><line nr="1857" mi="0" ci="6" mb="0" cb="0"/><line nr="1858" mi="0" ci="5" mb="0" cb="2"/><line nr="1859" mi="0" ci="3" mb="1" cb="1"/><line nr="1860" mi="7" ci="0" mb="0" cb="0"/><line nr="1863" mi="0" ci="6" mb="0" cb="0"/><line nr="1864" mi="0" ci="6" mb="0" cb="0"/><line nr="1866" mi="0" ci="6" mb="0" cb="0"/><line nr="1868" mi="0" ci="6" mb="0" cb="0"/><line nr="1869" mi="0" ci="6" mb="0" cb="0"/><line nr="1870" mi="0" ci="6" mb="0" cb="0"/><line nr="1871" mi="0" ci="6" mb="0" cb="0"/><line nr="1872" mi="0" ci="6" mb="0" cb="0"/><line nr="1873" mi="0" ci="6" mb="0" cb="0"/><line nr="1874" mi="0" ci="6" mb="0" cb="0"/><line nr="1875" mi="0" ci="6" mb="0" cb="0"/><line nr="1876" mi="0" ci="6" mb="0" cb="0"/><line nr="1877" mi="0" ci="6" mb="0" cb="0"/><line nr="1878" mi="0" ci="6" mb="0" cb="0"/><line nr="1879" mi="0" ci="6" mb="0" cb="0"/><line nr="1880" mi="0" ci="6" mb="0" cb="0"/><line nr="1881" mi="0" ci="6" mb="0" cb="0"/><line nr="1882" mi="0" ci="6" mb="0" cb="0"/><line nr="1883" mi="0" ci="6" mb="0" cb="0"/><line nr="1884" mi="0" ci="6" mb="0" cb="0"/><line nr="1885" mi="0" ci="6" mb="0" cb="0"/><line nr="1886" mi="0" ci="6" mb="0" cb="0"/><line nr="1887" mi="0" ci="6" mb="0" cb="0"/><line nr="1888" mi="0" ci="6" mb="0" cb="0"/><line nr="1889" mi="0" ci="6" mb="0" cb="0"/><line nr="1890" mi="0" ci="6" mb="0" cb="0"/><line nr="1891" mi="0" ci="6" mb="0" cb="0"/><line nr="1892" mi="0" ci="6" mb="0" cb="0"/><line nr="1893" mi="0" ci="6" mb="0" cb="0"/><line nr="1895" mi="0" ci="3" mb="1" cb="1"/><line nr="1896" mi="0" ci="7" mb="0" cb="0"/><line nr="1897" mi="0" ci="7" mb="0" cb="0"/><line nr="1901" mi="0" ci="6" mb="0" cb="0"/><line nr="1902" mi="0" ci="6" mb="0" cb="0"/><line nr="1903" mi="0" ci="6" mb="0" cb="0"/><line nr="1905" mi="0" ci="9" mb="3" cb="3"/><line nr="1906" mi="7" ci="0" mb="0" cb="0"/><line nr="1908" mi="0" ci="6" mb="0" cb="0"/><line nr="1909" mi="0" ci="6" mb="0" cb="0"/><line nr="1911" mi="0" ci="6" mb="0" cb="0"/><line nr="1912" mi="0" ci="6" mb="0" cb="0"/><line nr="1913" mi="0" ci="6" mb="0" cb="0"/><line nr="1914" mi="0" ci="6" mb="0" cb="0"/><line nr="1915" mi="0" ci="6" mb="0" cb="0"/><line nr="1916" mi="0" ci="6" mb="0" cb="0"/><line nr="1917" mi="0" ci="13" mb="0" cb="0"/><line nr="1918" mi="0" ci="7" mb="0" cb="0"/><line nr="1919" mi="0" ci="9" mb="3" cb="3"/><line nr="1920" mi="7" ci="0" mb="0" cb="0"/><line nr="1922" mi="0" ci="6" mb="0" cb="0"/><line nr="1923" mi="0" ci="6" mb="0" cb="0"/><line nr="1925" mi="0" ci="1" mb="0" cb="0"/><line nr="1937" mi="0" ci="2" mb="1" cb="1"/><line nr="1938" mi="5" ci="0" mb="0" cb="0"/><line nr="1939" mi="2" ci="0" mb="2" cb="0"/><line nr="1940" mi="3" ci="0" mb="0" cb="0"/><line nr="1941" mi="2" ci="0" mb="0" cb="0"/><line nr="1943" mi="4" ci="0" mb="0" cb="0"/><line nr="1944" mi="1" ci="0" mb="0" cb="0"/><line nr="1945" mi="5" ci="0" mb="2" cb="0"/><line nr="1946" mi="7" ci="0" mb="4" cb="0"/><line nr="1948" mi="3" ci="0" mb="0" cb="0"/><line nr="1949" mi="8" ci="0" mb="4" cb="0"/><line nr="1950" mi="15" ci="0" mb="0" cb="0"/><line nr="1952" mi="2" ci="0" mb="0" cb="0"/><line nr="1954" mi="2" ci="0" mb="0" cb="0"/><line nr="1956" mi="1" ci="0" mb="0" cb="0"/><line nr="1957" mi="14" ci="0" mb="0" cb="0"/><line nr="1959" mi="2" ci="0" mb="0" cb="0"/><line nr="1961" mi="1" ci="0" mb="0" cb="0"/><line nr="1962" mi="5" ci="0" mb="0" cb="0"/><line nr="1963" mi="5" ci="0" mb="0" cb="0"/><line nr="1964" mi="1" ci="0" mb="0" cb="0"/><line nr="1965" mi="11" ci="0" mb="0" cb="0"/><line nr="1968" mi="0" ci="1" mb="0" cb="0"/><line nr="1988" mi="4" ci="0" mb="2" cb="0"/><line nr="1989" mi="5" ci="0" mb="0" cb="0"/><line nr="1992" mi="6" ci="0" mb="0" cb="0"/><line nr="2003" mi="0" ci="3" mb="0" cb="0"/><line nr="2004" mi="0" ci="3" mb="0" cb="2"/><line nr="2005" mi="0" ci="2" mb="1" cb="1"/><line nr="2006" mi="9" ci="0" mb="0" cb="0"/><line nr="2008" mi="0" ci="8" mb="0" cb="0"/><line nr="2009" mi="0" ci="8" mb="0" cb="0"/><line nr="2012" mi="0" ci="2" mb="0" cb="0"/><line nr="2020" mi="0" ci="51" mb="0" cb="0"/><line nr="2033" mi="0" ci="16" mb="0" cb="2"/><line nr="2036" mi="0" ci="3" mb="0" cb="0"/><line nr="2037" mi="0" ci="6" mb="0" cb="0"/><line nr="2038" mi="0" ci="3" mb="0" cb="0"/><line nr="2039" mi="0" ci="5" mb="0" cb="0"/><line nr="2040" mi="1" ci="0" mb="0" cb="0"/><line nr="2041" mi="13" ci="0" mb="0" cb="0"/><line nr="2042" mi="0" ci="1" mb="0" cb="0"/><line nr="2044" mi="0" ci="1" mb="0" cb="0"/><line nr="2052" mi="0" ci="3" mb="1" cb="1"/><line nr="2053" mi="0" ci="4" mb="0" cb="0"/><line nr="2054" mi="0" ci="5" mb="2" cb="2"/><line nr="2055" mi="3" ci="0" mb="2" cb="0"/><line nr="2056" mi="10" ci="0" mb="2" cb="0"/><line nr="2057" mi="6" ci="0" mb="2" cb="0"/><line nr="2058" mi="2" ci="0" mb="0" cb="0"/><line nr="2060" mi="2" ci="0" mb="0" cb="0"/><line nr="2062" mi="10" ci="0" mb="2" cb="0"/><line nr="2063" mi="3" ci="0" mb="2" cb="0"/><line nr="2064" mi="2" ci="0" mb="0" cb="0"/><line nr="2066" mi="1" ci="0" mb="0" cb="0"/><line nr="2070" mi="0" ci="2" mb="0" cb="0"/><line nr="2084" mi="0" ci="3" mb="0" cb="0"/><line nr="2093" mi="0" ci="3" mb="0" cb="0"/><line nr="2102" mi="0" ci="4" mb="0" cb="0"/><line nr="2103" mi="6" ci="12" mb="2" cb="2"/><line nr="2104" mi="0" ci="4" mb="0" cb="0"/><line nr="2106" mi="4" ci="0" mb="0" cb="0"/><line nr="2107" mi="1" ci="0" mb="0" cb="0"/><line nr="2108" mi="4" ci="0" mb="0" cb="0"/><line nr="2109" mi="1" ci="0" mb="0" cb="0"/><line nr="2110" mi="1" ci="0" mb="0" cb="0"/><line nr="2111" mi="0" ci="4" mb="0" cb="0"/><line nr="2112" mi="11" ci="0" mb="0" cb="0"/><line nr="2113" mi="1" ci="0" mb="0" cb="0"/><line nr="2114" mi="0" ci="4" mb="1" cb="1"/><line nr="2115" mi="4" ci="0" mb="0" cb="0"/><line nr="2117" mi="0" ci="6" mb="2" cb="2"/><line nr="2118" mi="0" ci="5" mb="0" cb="0"/><line nr="2120" mi="0" ci="2" mb="0" cb="0"/><line nr="2130" mi="0" ci="3" mb="0" cb="2"/><line nr="2131" mi="0" ci="5" mb="0" cb="0"/><line nr="2133" mi="0" ci="3" mb="0" cb="0"/><line nr="2142" mi="0" ci="3" mb="0" cb="0"/><line nr="2151" mi="0" ci="3" mb="0" cb="0"/><line nr="2164" mi="0" ci="4" mb="0" cb="0"/><line nr="2165" mi="0" ci="16" mb="0" cb="2"/><line nr="2166" mi="0" ci="2" mb="0" cb="0"/><line nr="2167" mi="0" ci="11" mb="0" cb="2"/><line nr="2168" mi="0" ci="14" mb="3" cb="3"/><line nr="2169" mi="0" ci="10" mb="2" cb="2"/><line nr="2170" mi="7" ci="2" mb="3" cb="1"/><line nr="2171" mi="2" ci="0" mb="2" cb="0"/><line nr="2172" mi="2" ci="0" mb="0" cb="0"/><line nr="2173" mi="9" ci="0" mb="0" cb="0"/><line nr="2174" mi="6" ci="0" mb="0" cb="0"/><line nr="2176" mi="7" ci="0" mb="0" cb="0"/><line nr="2179" mi="0" ci="1" mb="0" cb="0"/><line nr="2181" mi="0" ci="3" mb="1" cb="1"/><line nr="2183" mi="3" ci="0" mb="2" cb="0"/><line nr="2184" mi="3" ci="0" mb="2" cb="0"/><line nr="2185" mi="9" ci="0" mb="0" cb="0"/><line nr="2186" mi="2" ci="0" mb="0" cb="0"/><line nr="2188" mi="10" ci="0" mb="0" cb="0"/><line nr="2189" mi="7" ci="0" mb="0" cb="0"/><line nr="2192" mi="5" ci="0" mb="0" cb="0"/><line nr="2195" mi="5" ci="0" mb="0" cb="0"/><line nr="2197" mi="0" ci="1" mb="0" cb="0"/><line nr="2207" mi="0" ci="3" mb="1" cb="1"/><line nr="2208" mi="0" ci="4" mb="0" cb="0"/><line nr="2210" mi="0" ci="1" mb="0" cb="0"/><counter type="INSTRUCTION" missed="1108" covered="2177"/><counter type="BRANCH" missed="200" covered="130"/><counter type="LINE" missed="229" covered="432"/><counter type="COMPLEXITY" missed="149" covered="67"/><counter type="METHOD" missed="8" covered="43"/><counter type="CLASS" missed="0" covered="1"/></sourcefile><sourcefile name="FilteringDependencyTransitiveNodeVisitor.java"><line nr="50" mi="0" ci="2" mb="0" cb="0"/><line nr="51" mi="0" ci="3" mb="0" cb="0"/><line nr="52" mi="0" ci="3" mb="0" cb="0"/><line nr="53" mi="0" ci="1" mb="0" cb="0"/><line nr="62" mi="0" ci="5" mb="1" cb="1"/><line nr="63" mi="0" ci="6" mb="0" cb="0"/><line nr="65" mi="2" ci="0" mb="0" cb="0"/><line nr="68" mi="0" ci="2" mb="0" cb="0"/><line nr="78" mi="0" ci="5" mb="1" cb="1"/><line nr="79" mi="0" ci="6" mb="0" cb="0"/><line nr="81" mi="2" ci="0" mb="0" cb="0"/><line nr="84" mi="0" ci="2" mb="0" cb="0"/><line nr="93" mi="3" ci="0" mb="0" cb="0"/><line nr="103" mi="3" ci="0" mb="0" cb="0"/><counter type="INSTRUCTION" missed="10" covered="35"/><counter type="BRANCH" missed="2" covered="2"/><counter type="LINE" missed="4" covered="10"/><counter type="COMPLEXITY" missed="4" covered="3"/><counter type="METHOD" missed="2" covered="3"/><counter type="CLASS" missed="0" covered="1"/></sourcefile><sourcefile name="ArtifactTypeExcluded.java"><line nr="42" mi="0" ci="2" mb="0" cb="0"/><line nr="43" mi="0" ci="3" mb="0" cb="0"/><line nr="44" mi="0" ci="1" mb="0" cb="0"/><line nr="52" mi="0" ci="16" mb="0" cb="6"/><counter type="INSTRUCTION" missed="0" covered="22"/><counter type="BRANCH" missed="0" covered="6"/><counter type="LINE" missed="0" covered="4"/><counter type="COMPLEXITY" missed="0" covered="5"/><counter type="METHOD" missed="0" covered="2"/><counter type="CLASS" missed="0" covered="1"/></sourcefile><sourcefile name="ArtifactScopeExcluded.java"><line nr="60" mi="0" ci="2" mb="0" cb="0"/><line nr="61" mi="0" ci="3" mb="0" cb="0"/><line nr="62" mi="0" ci="3" mb="0" cb="0"/><line nr="63" mi="0" ci="3" mb="0" cb="0"/><line nr="64" mi="0" ci="3" mb="0" cb="0"/><line nr="65" mi="0" ci="1" mb="0" cb="0"/><line nr="77" mi="0" ci="7" mb="1" cb="3"/><line nr="78" mi="0" ci="2" mb="0" cb="0"/><line nr="80" mi="4" ci="3" mb="3" cb="1"/><line nr="81" mi="2" ci="0" mb="0" cb="0"/><line nr="83" mi="0" ci="7" mb="1" cb="3"/><line nr="84" mi="0" ci="2" mb="0" cb="0"/><line nr="86" mi="0" ci="7" mb="0" cb="4"/><line nr="87" mi="0" ci="2" mb="0" cb="0"/><line nr="89" mi="4" ci="6" mb="3" cb="3"/><line nr="90" mi="2" ci="0" mb="0" cb="0"/><line nr="92" mi="0" ci="2" mb="0" cb="0"/><counter type="INSTRUCTION" missed="12" covered="53"/><counter type="BRANCH" missed="8" covered="14"/><counter type="LINE" missed="2" covered="15"/><counter type="COMPLEXITY" missed="6" covered="7"/><counter type="METHOD" missed="0" covered="2"/><counter type="CLASS" missed="0" covered="1"/></sourcefile><sourcefile name="HelpMojo.java"><line nr="29" mi="3" ci="0" mb="0" cb="0"/><line nr="69" mi="4" ci="0" mb="0" cb="0"/><line nr="70" mi="2" ci="0" mb="0" cb="0"/><line nr="73" mi="5" ci="0" mb="0" cb="0"/><line nr="74" mi="2" ci="0" mb="0" cb="0"/><line nr="75" mi="3" ci="0" mb="0" cb="0"/><line nr="76" mi="6" ci="0" mb="0" cb="0"/><line nr="78" mi="1" ci="0" mb="0" cb="0"/><line nr="80" mi="7" ci="0" mb="0" cb="0"/><line nr="82" mi="1" ci="0" mb="0" cb="0"/><line nr="84" mi="7" ci="0" mb="0" cb="0"/><line nr="86" mi="1" ci="0" mb="0" cb="0"/><line nr="88" mi="7" ci="0" mb="0" cb="0"/><line nr="92" mi="2" ci="0" mb="2" cb="0"/><line nr="96" mi="2" ci="0" mb="0" cb="0"/><line nr="98" mi="1" ci="0" mb="0" cb="0"/><line nr="100" mi="7" ci="0" mb="0" cb="0"/><line nr="101" mi="1" ci="0" mb="0" cb="0"/><line nr="112" mi="3" ci="0" mb="2" cb="0"/><line nr="114" mi="4" ci="0" mb="0" cb="0"/><line nr="115" mi="3" ci="0" mb="0" cb="0"/><line nr="117" mi="3" ci="0" mb="2" cb="0"/><line nr="119" mi="4" ci="0" mb="0" cb="0"/><line nr="120" mi="3" ci="0" mb="0" cb="0"/><line nr="123" mi="3" ci="0" mb="0" cb="0"/><line nr="125" mi="4" ci="0" mb="0" cb="0"/><line nr="126" mi="5" ci="0" mb="0" cb="0"/><line nr="129" mi="5" ci="0" mb="0" cb="0"/><line nr="130" mi="5" ci="0" mb="0" cb="0"/><line nr="131" mi="21" ci="0" mb="0" cb="0"/><line nr="132" mi="7" ci="0" mb="4" cb="0"/><line nr="134" mi="15" ci="0" mb="0" cb="0"/><line nr="138" mi="3" ci="0" mb="2" cb="0"/><line nr="140" mi="6" ci="0" mb="0" cb="0"/><line nr="144" mi="5" ci="0" mb="0" cb="0"/><line nr="147" mi="8" ci="0" mb="0" cb="0"/><line nr="148" mi="5" ci="0" mb="0" cb="0"/><line nr="151" mi="5" ci="0" mb="0" cb="0"/><line nr="153" mi="5" ci="0" mb="0" cb="0"/><line nr="155" mi="5" ci="0" mb="0" cb="0"/><line nr="157" mi="7" ci="0" mb="4" cb="0"/><line nr="159" mi="21" ci="0" mb="2" cb="0"/><line nr="160" mi="5" ci="0" mb="0" cb="0"/><line nr="163" mi="10" ci="0" mb="2" cb="0"/><line nr="165" mi="6" ci="0" mb="0" cb="0"/><line nr="166" mi="1" ci="0" mb="0" cb="0"/><line nr="168" mi="4" ci="0" mb="2" cb="0"/><line nr="170" mi="5" ci="0" mb="0" cb="0"/><line nr="172" mi="1" ci="0" mb="0" cb="0"/><line nr="177" mi="9" ci="0" mb="4" cb="0"/><line nr="183" mi="6" ci="0" mb="0" cb="0"/><line nr="189" mi="5" ci="0" mb="0" cb="0"/><line nr="190" mi="3" ci="0" mb="2" cb="0"/><line nr="192" mi="14" ci="0" mb="0" cb="0"/><line nr="194" mi="4" ci="0" mb="2" cb="0"/><line nr="196" mi="14" ci="0" mb="0" cb="0"/><line nr="198" mi="5" ci="0" mb="0" cb="0"/><line nr="203" mi="4" ci="0" mb="0" cb="0"/><line nr="204" mi="3" ci="0" mb="0" cb="0"/><line nr="205" mi="8" ci="0" mb="2" cb="0"/><line nr="207" mi="4" ci="0" mb="0" cb="0"/><line nr="208" mi="5" ci="0" mb="2" cb="0"/><line nr="210" mi="4" ci="0" mb="0" cb="0"/><line nr="213" mi="2" ci="0" mb="0" cb="0"/><line nr="219" mi="5" ci="0" mb="0" cb="0"/><line nr="220" mi="3" ci="0" mb="2" cb="0"/><line nr="222" mi="2" ci="0" mb="0" cb="0"/><line nr="224" mi="4" ci="0" mb="2" cb="0"/><line nr="226" mi="14" ci="0" mb="0" cb="0"/><line nr="228" mi="5" ci="0" mb="0" cb="0"/><line nr="234" mi="5" ci="0" mb="0" cb="0"/><line nr="235" mi="5" ci="0" mb="0" cb="0"/><line nr="236" mi="5" ci="0" mb="0" cb="0"/><line nr="237" mi="12" ci="0" mb="6" cb="0"/><line nr="239" mi="14" ci="0" mb="0" cb="0"/><line nr="240" mi="5" ci="0" mb="0" cb="0"/><line nr="241" mi="6" ci="0" mb="4" cb="0"/><line nr="243" mi="13" ci="0" mb="0" cb="0"/><line nr="244" mi="5" ci="0" mb="4" cb="0"/><line nr="246" mi="5" ci="0" mb="0" cb="0"/><line nr="247" mi="7" ci="0" mb="0" cb="0"/><line nr="250" mi="2" ci="0" mb="2" cb="0"/><line nr="252" mi="6" ci="0" mb="0" cb="0"/><line nr="254" mi="5" ci="0" mb="0" cb="0"/><line nr="256" mi="3" ci="0" mb="2" cb="0"/><line nr="258" mi="5" ci="0" mb="0" cb="0"/><line nr="259" mi="5" ci="0" mb="0" cb="0"/><line nr="260" mi="5" ci="0" mb="0" cb="0"/><line nr="261" mi="5" ci="0" mb="0" cb="0"/><line nr="263" mi="10" ci="0" mb="2" cb="0"/><line nr="265" mi="5" ci="0" mb="0" cb="0"/><line nr="266" mi="1" ci="0" mb="0" cb="0"/><line nr="269" mi="1" ci="0" mb="0" cb="0"/><line nr="274" mi="5" ci="0" mb="0" cb="0"/><line nr="275" mi="5" ci="0" mb="0" cb="0"/><line nr="277" mi="2" ci="0" mb="0" cb="0"/><line nr="278" mi="2" ci="0" mb="2" cb="0"/><line nr="280" mi="6" ci="0" mb="0" cb="0"/><line nr="283" mi="2" ci="0" mb="0" cb="0"/><line nr="284" mi="6" ci="0" mb="4" cb="0"/><line nr="286" mi="13" ci="0" mb="0" cb="0"/><line nr="288" mi="12" ci="0" mb="0" cb="0"/><line nr="289" mi="5" ci="0" mb="0" cb="0"/><line nr="290" mi="6" ci="0" mb="4" cb="0"/><line nr="292" mi="13" ci="0" mb="0" cb="0"/><line nr="293" mi="5" ci="0" mb="0" cb="0"/><line nr="295" mi="5" ci="0" mb="0" cb="0"/><line nr="296" mi="7" ci="0" mb="2" cb="0"/><line nr="298" mi="5" ci="0" mb="0" cb="0"/><line nr="300" mi="6" ci="0" mb="4" cb="0"/><line nr="302" mi="5" ci="0" mb="0" cb="0"/><line nr="303" mi="12" ci="0" mb="0" cb="0"/><line nr="306" mi="5" ci="0" mb="0" cb="0"/><line nr="307" mi="1" ci="0" mb="0" cb="0"/><line nr="320" mi="8" ci="0" mb="0" cb="0"/><line nr="322" mi="7" ci="0" mb="2" cb="0"/><line nr="324" mi="4" ci="0" mb="0" cb="0"/><line nr="327" mi="3" ci="0" mb="0" cb="0"/><line nr="340" mi="16" ci="0" mb="2" cb="0"/><line nr="342" mi="6" ci="0" mb="0" cb="0"/><line nr="343" mi="1" ci="0" mb="0" cb="0"/><line nr="344" mi="1" ci="0" mb="0" cb="0"/><line nr="358" mi="4" ci="0" mb="0" cb="0"/><line nr="360" mi="4" ci="0" mb="0" cb="0"/><line nr="362" mi="4" ci="0" mb="0" cb="0"/><line nr="364" mi="16" ci="0" mb="2" cb="0"/><line nr="366" mi="12" ci="0" mb="0" cb="0"/><line nr="369" mi="2" ci="0" mb="0" cb="0"/><line nr="382" mi="3" ci="0" mb="0" cb="0"/><line nr="383" mi="5" ci="0" mb="0" cb="0"/><line nr="385" mi="4" ci="0" mb="0" cb="0"/><line nr="387" mi="16" ci="0" mb="2" cb="0"/><line nr="389" mi="3" ci="0" mb="2" cb="0"/><line nr="391" mi="7" ci="0" mb="2" cb="0"/><line nr="393" mi="5" ci="0" mb="0" cb="0"/><line nr="394" mi="3" ci="0" mb="0" cb="0"/><line nr="395" mi="9" ci="0" mb="0" cb="0"/><line nr="399" mi="4" ci="0" mb="0" cb="0"/><line nr="403" mi="8" ci="0" mb="2" cb="0"/><line nr="405" mi="4" ci="0" mb="0" cb="0"/><line nr="406" mi="3" ci="0" mb="2" cb="0"/><line nr="408" mi="12" ci="0" mb="0" cb="0"/><line nr="410" mi="3" ci="0" mb="2" cb="0"/><line nr="412" mi="5" ci="0" mb="0" cb="0"/><line nr="416" mi="4" ci="0" mb="0" cb="0"/><line nr="420" mi="5" ci="0" mb="0" cb="0"/><line nr="421" mi="1" ci="0" mb="0" cb="0"/><line nr="431" mi="2" ci="0" mb="0" cb="0"/><line nr="432" mi="13" ci="0" mb="4" cb="0"/><line nr="434" mi="1" ci="0" mb="0" cb="0"/><line nr="436" mi="15" ci="0" mb="4" cb="0"/><line nr="438" mi="5" ci="0" mb="2" cb="0"/><line nr="440" mi="1" ci="0" mb="0" cb="0"/><line nr="441" mi="1" ci="0" mb="0" cb="0"/><line nr="444" mi="2" ci="0" mb="0" cb="0"/><line nr="449" mi="12" ci="0" mb="6" cb="0"/><line nr="450" mi="4" ci="0" mb="2" cb="0"/><line nr="453" mi="8" ci="0" mb="0" cb="0"/><line nr="456" mi="2" ci="0" mb="0" cb="0"/><counter type="INSTRUCTION" missed="893" covered="0"/><counter type="BRANCH" missed="110" covered="0"/><counter type="LINE" missed="159" covered="0"/><counter type="COMPLEXITY" missed="71" covered="0"/><counter type="METHOD" missed="16" covered="0"/><counter type="CLASS" missed="1" covered="0"/></sourcefile><sourcefile name="CheckMojo.java"><line nr="43" mi="0" ci="2" mb="0" cb="0"/><line nr="48" mi="0" ci="4" mb="0" cb="0"/><line nr="60" mi="0" ci="2" mb="0" cb="0"/><line nr="61" mi="0" ci="2" mb="0" cb="0"/><line nr="62" mi="0" ci="12" mb="1" cb="1"/><line nr="63" mi="0" ci="6" mb="1" cb="1"/><line nr="64" mi="0" ci="2" mb="0" cb="0"/><line nr="65" mi="0" ci="1" mb="0" cb="0"/><line nr="67" mi="1" ci="0" mb="0" cb="0"/><line nr="68" mi="0" ci="2" mb="0" cb="0"/><line nr="79" mi="0" ci="3" mb="0" cb="0"/><line nr="91" mi="0" ci="2" mb="0" cb="0"/><line nr="104" mi="0" ci="6" mb="0" cb="0"/><counter type="INSTRUCTION" missed="1" covered="44"/><counter type="BRANCH" missed="2" covered="2"/><counter type="LINE" missed="1" covered="12"/><counter type="COMPLEXITY" missed="2" covered="5"/><counter type="METHOD" missed="0" covered="5"/><counter type="CLASS" missed="0" covered="1"/></sourcefile><sourcefile name="Retirejs.java"><line nr="27" mi="0" ci="3" mb="0" cb="0"/><line nr="47" mi="0" ci="3" mb="0" cb="0"/><line nr="60" mi="0" ci="3" mb="0" cb="0"/><counter type="INSTRUCTION" missed="0" covered="9"/><counter type="LINE" missed="0" covered="3"/><counter type="COMPLEXITY" missed="0" covered="3"/><counter type="METHOD" missed="0" covered="3"/><counter type="CLASS" missed="0" covered="1"/></sourcefile><sourcefile name="UpdateMojo.java"><line nr="47" mi="0" ci="3" mb="0" cb="0"/><line nr="56" mi="2" ci="0" mb="0" cb="0"/><line nr="70" mi="0" ci="5" mb="0" cb="0"/><line nr="72" mi="0" ci="5" mb="1" cb="1"/><line nr="73" mi="5" ci="0" mb="0" cb="0"/><line nr="75" mi="1" ci="0" mb="0" cb="0"/><line nr="76" mi="5" ci="0" mb="0" cb="0"/><line nr="77" mi="0" ci="1" mb="0" cb="0"/><line nr="78" mi="0" ci="2" mb="0" cb="0"/><line nr="79" mi="1" ci="0" mb="0" cb="0"/><line nr="80" mi="4" ci="0" mb="2" cb="0"/><line nr="81" mi="5" ci="0" mb="0" cb="0"/><line nr="83" mi="2" ci="0" mb="0" cb="0"/><line nr="84" mi="3" ci="0" mb="2" cb="0"/><line nr="85" mi="6" ci="0" mb="0" cb="0"/><line nr="87" mi="4" ci="0" mb="0" cb="0"/><line nr="88" mi="1" ci="0" mb="0" cb="0"/><line nr="89" mi="2" ci="0" mb="0" cb="0"/><line nr="90" mi="3" ci="0" mb="2" cb="0"/><line nr="91" mi="6" ci="0" mb="0" cb="0"/><line nr="93" mi="4" ci="0" mb="0" cb="0"/><line nr="94" mi="1" ci="1" mb="0" cb="0"/><line nr="95" mi="0" ci="1" mb="0" cb="0"/><line nr="105" mi="2" ci="0" mb="0" cb="0"/><line nr="117" mi="2" ci="0" mb="0" cb="0"/><line nr="130" mi="5" ci="0" mb="0" cb="0"/><counter type="INSTRUCTION" missed="64" covered="18"/><counter type="BRANCH" missed="7" covered="1"/><counter type="LINE" missed="19" covered="7"/><counter type="COMPLEXITY" missed="8" covered="2"/><counter type="METHOD" missed="4" covered="2"/><counter type="CLASS" missed="0" covered="1"/></sourcefile><sourcefile name="AggregateMojo.java"><line nr="49" mi="0" ci="2" mb="0" cb="0"/><line nr="54" mi="0" ci="4" mb="0" cb="0"/><line nr="67" mi="0" ci="7" mb="0" cb="0"/><line nr="68" mi="0" ci="13" mb="0" cb="2"/><line nr="71" mi="0" ci="6" mb="0" cb="0"/><line nr="72" mi="0" ci="2" mb="1" cb="1"/><line nr="73" mi="2" ci="0" mb="2" cb="0"/><line nr="74" mi="2" ci="0" mb="0" cb="0"/><line nr="76" mi="6" ci="0" mb="0" cb="0"/><line nr="77" mi="3" ci="0" mb="2" cb="0"/><line nr="78" mi="3" ci="0" mb="0" cb="0"/><line nr="79" mi="10" ci="0" mb="0" cb="0"/><line nr="80" mi="3" ci="0" mb="2" cb="0"/><line nr="81" mi="6" ci="0" mb="0" cb="0"/><line nr="83" mi="4" ci="0" mb="0" cb="0"/><line nr="84" mi="4" ci="0" mb="2" cb="0"/><line nr="85" mi="4" ci="0" mb="0" cb="0"/><line nr="89" mi="0" ci="1" mb="0" cb="0"/><line nr="90" mi="0" ci="2" mb="0" cb="0"/><line nr="101" mi="0" ci="2" mb="1" cb="1"/><line nr="102" mi="2" ci="0" mb="0" cb="0"/><line nr="104" mi="0" ci="4" mb="0" cb="0"/><line nr="106" mi="0" ci="4" mb="0" cb="2"/><line nr="107" mi="0" ci="12" mb="0" cb="0"/><line nr="109" mi="0" ci="11" mb="0" cb="2"/><line nr="110" mi="0" ci="11" mb="0" cb="2"/><line nr="112" mi="0" ci="7" mb="0" cb="0"/><line nr="113" mi="0" ci="3" mb="0" cb="0"/><line nr="114" mi="0" ci="10" mb="1" cb="3"/><line nr="115" mi="0" ci="3" mb="0" cb="2"/><line nr="116" mi="0" ci="12" mb="0" cb="0"/><line nr="119" mi="1" ci="0" mb="0" cb="0"/><line nr="120" mi="4" ci="0" mb="2" cb="0"/><line nr="121" mi="5" ci="0" mb="0" cb="0"/><line nr="123" mi="0" ci="1" mb="0" cb="0"/><line nr="124" mi="0" ci="1" mb="0" cb="0"/><line nr="125" mi="0" ci="1" mb="0" cb="0"/><line nr="127" mi="0" ci="3" mb="0" cb="0"/><line nr="128" mi="0" ci="11" mb="0" cb="2"/><line nr="129" mi="0" ci="10" mb="0" cb="4"/><line nr="130" mi="4" ci="4" mb="3" cb="1"/><line nr="131" mi="12" ci="0" mb="0" cb="0"/><line nr="134" mi="0" ci="11" mb="0" cb="2"/><line nr="135" mi="0" ci="11" mb="1" cb="3"/><line nr="136" mi="0" ci="3" mb="0" cb="2"/><line nr="137" mi="0" ci="3" mb="1" cb="1"/><line nr="138" mi="0" ci="12" mb="0" cb="0"/><line nr="140" mi="0" ci="1" mb="0" cb="0"/><line nr="142" mi="0" ci="4" mb="0" cb="0"/><line nr="143" mi="0" ci="10" mb="0" cb="2"/><line nr="144" mi="0" ci="11" mb="0" cb="2"/><line nr="146" mi="0" ci="7" mb="0" cb="0"/><line nr="147" mi="0" ci="3" mb="0" cb="0"/><line nr="148" mi="0" ci="5" mb="0" cb="2"/><line nr="149" mi="0" ci="4" mb="0" cb="0"/><line nr="151" mi="1" ci="0" mb="0" cb="0"/><line nr="152" mi="4" ci="0" mb="2" cb="0"/><line nr="153" mi="5" ci="0" mb="0" cb="0"/><line nr="155" mi="0" ci="1" mb="0" cb="0"/><line nr="156" mi="0" ci="1" mb="0" cb="0"/><line nr="157" mi="0" ci="1" mb="0" cb="0"/><line nr="158" mi="0" ci="10" mb="0" cb="2"/><line nr="159" mi="4" ci="4" mb="3" cb="1"/><line nr="160" mi="12" ci="0" mb="0" cb="0"/><line nr="162" mi="0" ci="1" mb="0" cb="0"/><line nr="163" mi="0" ci="1" mb="0" cb="0"/><line nr="164" mi="0" ci="6" mb="0" cb="4"/><line nr="165" mi="0" ci="4" mb="0" cb="2"/><line nr="166" mi="0" ci="17" mb="0" cb="0"/><line nr="168" mi="0" ci="2" mb="0" cb="0"/><line nr="179" mi="5" ci="0" mb="0" cb="0"/><line nr="184" mi="2" ci="0" mb="0" cb="0"/><line nr="195" mi="3" ci="0" mb="0" cb="0"/><line nr="207" mi="2" ci="0" mb="0" cb="0"/><counter type="INSTRUCTION" missed="113" covered="280"/><counter type="BRANCH" missed="23" covered="45"/><counter type="LINE" missed="24" covered="50"/><counter type="COMPLEXITY" missed="19" covered="22"/><counter type="METHOD" missed="4" covered="3"/><counter type="CLASS" missed="0" covered="1"/></sourcefile><sourcefile name="PurgeMojo.java"><line nr="43" mi="3" ci="0" mb="0" cb="0"/><line nr="52" mi="2" ci="0" mb="0" cb="0"/><line nr="65" mi="2" ci="0" mb="0" cb="0"/><line nr="66" mi="9" ci="0" mb="0" cb="0"/><line nr="67" mi="3" ci="0" mb="0" cb="0"/><line nr="69" mi="3" ci="0" mb="0" cb="0"/><line nr="71" mi="1" ci="0" mb="0" cb="0"/><line nr="81" mi="2" ci="0" mb="0" cb="0"/><line nr="93" mi="2" ci="0" mb="0" cb="0"/><line nr="105" mi="5" ci="0" mb="0" cb="0"/><counter type="INSTRUCTION" missed="32" covered="0"/><counter type="LINE" missed="10" covered="0"/><counter type="COMPLEXITY" missed="6" covered="0"/><counter type="METHOD" missed="6" covered="0"/><counter type="CLASS" missed="1" covered="0"/></sourcefile><counter type="INSTRUCTION" missed="2233" covered="2638"/><counter type="BRANCH" missed="352" covered="200"/><counter type="LINE" missed="448" covered="533"/><counter type="COMPLEXITY" missed="265" covered="114"/><counter type="METHOD" missed="40" covered="63"/><counter type="CLASS" missed="2" covered="8"/></package><counter type="INSTRUCTION" missed="2233" covered="2638"/><counter type="BRANCH" missed="352" covered="200"/><counter type="LINE" missed="448" covered="533"/><counter type="COMPLEXITY" missed="265" covered="114"/><counter type="METHOD" missed="40" covered="63"/><counter type="CLASS" missed="2" covered="8"/></report>